  {
    "timestamp": "2024-03-01T08:37:00.000+0000",
    "source": "WinEventLog:System",
    "host": "WORKSTATION03",
    "EventCode": 4624,
    "category": "normal",
    "action": "logoff",
    "user": "jsmith",
    "src_ip": "10.0.5.140",
    "dest_ip": "10.0.5.140",
    "severity": "low",
    "message": "Normal activity: jsmith authenticated successfully"
  },
  {
    "timestamp": "2024-03-01T08:40:00.000+0000",
    "source": "firewall",
    "host": "FW01",
    "category": "data_exfiltration",
    "action": "allowed",
    "protocol": "HTTPS",
    "src_ip": "10.0.2.15",
    "src_port": 60778,
    "dest_ip": "185.56.80.65",
    "dest_port": 443,
    "bytes_out": 163880976,
    "bytes_in": 4267,
    "severity": "critical",
    "ioc_ip": "185.56.80.65",
    "attack_technique": "T1048 - Exfiltration Over Alternative Protocol",
    "message": "Large outbound transfer (163880976 bytes) to suspicious IP 185.56.80.65"
  },
  {
    "timestamp": "2024-03-01T08:40:00.000+0000",
    "source": "WinEventLog:Security",
    "host": "DC01",
    "EventCode": 4720,
    "category": "privilege_escalation",
    "action": "user_added_to_group",
    "user": "jsmith",
    "target_user": "support_474",
    "target_group": "Administrators",
    "src_ip": "10.0.2.15",
    "dest_host": "DC01",
    "severity": "high",
    "attack_technique": "T1136.001 - Local Account Creation",
    "message": "New privileged account support_474 created by compromised user jsmith"
  },
  {
    "timestamp": "2024-03-01T08:46:00.000+0000",
    "source": "WinEventLog:Security",
    "host": "WORKSTATION02",
    "EventCode": 4624,
    "category": "normal",
    "action": "network_access",
    "user": "emartinez",
    "src_ip": "10.0.5.27",
    "dest_ip": "10.0.4.7",
    "severity": "low",
    "message": "Normal activity: emartinez authenticated successfully"
  },
  {
    "timestamp": "2024-03-01T08:50:00.000+0000",
    "source": "firewall",
    "host": "FW01",
    "category": "data_exfiltration",
    "action": "allowed",
    "protocol": "HTTPS",
    "src_ip": "10.0.2.15",
    "src_port": 60304,
    "dest_ip": "185.56.80.65",
    "dest_port": 443,
    "bytes_out": 188701895,
    "bytes_in": 2145,
    "severity": "critical",
    "ioc_ip": "185.56.80.65",
    "attack_technique": "T1048 - Exfiltration Over Alternative Protocol",
    "message": "Large outbound transfer (188701895 bytes) to suspicious IP 185.56.80.65"
  },
  {
    "timestamp": "2024-03-01T09:00:00.000+0000",
    "source": "firewall",
    "host": "FW01",
    "category": "data_exfiltration",
    "action": "allowed",
    "protocol": "HTTPS",
    "src_ip": "10.0.2.15",
    "src_port": 58204,
    "dest_ip": "185.56.80.65",
    "dest_port": 443,
    "bytes_out": 370058281,
    "bytes_in": 3276,
    "severity": "critical",
    "ioc_ip": "185.56.80.65",
    "attack_technique": "T1048 - Exfiltration Over Alternative Protocol",
    "message": "Large outbound transfer (370058281 bytes) to suspicious IP 185.56.80.65"
  },
  {
    "timestamp": "2024-03-01T09:07:00.000+0000",
    "source": "WinEventLog:Security",
    "host": "WORKSTATION02",
    "EventCode": 4624,
    "category": "normal",
    "action": "network_access",
    "user": "kpatel",
    "src_ip": "10.0.5.140",
    "dest_ip": "10.0.4.7",
    "severity": "low",
    "message": "Normal activity: kpatel authenticated successfully"
  },
  {
    "timestamp": "2024-03-01T09:10:00.000+0000",
    "source": "firewall",
    "host": "FW01",
    "category": "data_exfiltration",
    "action": "allowed",
    "protocol": "HTTPS",
    "src_ip": "10.0.2.15",
    "src_port": 55412,
    "dest_ip": "185.56.80.65",
    "dest_port": 443,
    "bytes_out": 55449837,
    "bytes_in": 1350,
    "severity": "critical",
    "ioc_ip": "185.56.80.65",
    "attack_technique": "T1048 - Exfiltration Over Alternative Protocol",
    "message": "Large outbound transfer (55449837 bytes) to suspicious IP 185.56.80.65"
  },
  {
    "timestamp": "2024-03-01T09:20:00.000+0000",
    "source": "firewall",
    "host": "FW01",
    "category": "data_exfiltration",
    "action": "allowed",
    "protocol": "HTTPS",
    "src_ip": "10.0.2.15",
    "src_port": 62469,
    "dest_ip": "185.56.80.65",
    "dest_port": 443,
    "bytes_out": 179577042,
    "bytes_in": 3001,
    "severity": "critical",
    "ioc_ip": "185.56.80.65",
    "attack_technique": "T1048 - Exfiltration Over Alternative Protocol",
    "message": "Large outbound transfer (179577042 bytes) to suspicious IP 185.56.80.65"
  },
  {
    "timestamp": "2024-03-01T09:25:00.000+0000",
    "source": "proxy",
    "host": "WORKSTATION02",
    "EventCode": 4634,
    "category": "normal",
    "action": "network_access",
    "user": "swhite",
    "src_ip": "10.0.2.63",
    "dest_ip": "10.0.5.27",
    "severity": "low",
    "message": "Normal activity: swhite authenticated successfully"
  },
  {
    "timestamp": "2024-03-01T09:30:00.000+0000",
    "source": "firewall",
    "host": "FW01",
    "category": "data_exfiltration",
    "action": "allowed",
    "protocol": "HTTPS",
    "src_ip": "10.0.2.15",
    "src_port": 57026,
    "dest_ip": "185.56.80.65",
    "dest_port": 443,
    "bytes_out": 348057956,
    "bytes_in": 3828,
    "severity": "critical",
    "ioc_ip": "185.56.80.65",
    "attack_technique": "T1048 - Exfiltration Over Alternative Protocol",
    "message": "Large outbound transfer (348057956 bytes) to suspicious IP 185.56.80.65"
  },
  {
    "timestamp": "2024-03-01T09:41:00.000+0000",
    "source": "WinEventLog:Security",
    "host": "WORKSTATION03",
    "EventCode": 4648,
    "category": "normal",
    "action": "successful_login",
    "user": "kpatel",
    "src_ip": "10.0.0.56",
    "dest_ip": "10.0.2.208",
    "severity": "low",
    "message": "Normal activity: kpatel authenticated successfully"
  },
  {
    "timestamp": "2024-03-01T10:27:00.000+0000",
    "source": "proxy",
    "host": "WORKSTATION02",
    "EventCode": 4634,
    "category": "normal",
    "action": "successful_login",
    "user": "bmorris",
    "src_ip": "10.0.3.57",
    "dest_ip": "10.0.2.63",
    "severity": "low",
    "message": "Normal activity: bmorris authenticated successfully"
  },
  {
    "timestamp": "2024-03-01T10:41:00.000+0000",
    "source": "WinEventLog:Security",
    "host": "WORKSTATION01",
    "EventCode": 4624,
    "category": "normal",
    "action": "network_access",
    "user": "lchen",
    "src_ip": "10.0.5.190",
    "dest_ip": "10.0.3.57",
    "severity": "low",
    "message": "Normal activity: lchen authenticated successfully"
  },
  {
    "timestamp": "2024-03-01T10:55:00.000+0000",
    "source": "WinEventLog:Security",
    "host": "WORKSTATION02",
    "EventCode": 4624,
    "category": "normal",
    "action": "logoff",
    "user": "bmorris",
    "src_ip": "10.0.5.140",
    "dest_ip": "10.0.0.56",
    "severity": "low",
    "message": "Normal activity: bmorris authenticated successfully"
  },
  {
    "timestamp": "2024-03-01T10:59:00.000+0000",
    "source": "proxy",
    "host": "WORKSTATION02",
    "EventCode": 4648,
    "category": "normal",
    "action": "logoff",
    "user": "lchen",
    "src_ip": "10.0.0.8",
    "dest_ip": "10.0.0.190",
    "severity": "low",
    "message": "Normal activity: lchen authenticated successfully"
  },
  {
    "timestamp": "2024-03-01T11:00:00.000+0000",
    "source": "WinEventLog:Security",
    "host": "WORKSTATION03",
    "EventCode": 4648,
    "category": "normal",
    "action": "logoff",
    "user": "mwilson",
    "src_ip": "10.0.2.63",
    "dest_ip": "10.0.5.27",
    "severity": "low",
    "message": "Normal activity: mwilson authenticated successfully"
  },
  {
    "timestamp": "2024-03-01T11:04:00.000+0000",
    "source": "proxy",
    "host": "WORKSTATION03",
    "EventCode": 4648,
    "category": "normal",
    "action": "network_access",
    "user": "rjohnson",
    "src_ip": "10.0.5.29",
    "dest_ip": "10.0.4.51",
    "severity": "low",
    "message": "Normal activity: rjohnson authenticated successfully"
  },
  {
    "timestamp": "2024-03-01T11:14:00.000+0000",
    "source": "WinEventLog:System",
    "host": "WORKSTATION01",
    "EventCode": 4648,
    "category": "normal",
    "action": "network_access",
    "user": "jsmith",
    "src_ip": "10.0.1.130",
    "dest_ip": "10.0.5.27",
    "severity": "low",
    "message": "Normal activity: jsmith authenticated successfully"
  },
  {
    "timestamp": "2024-03-01T11:15:00.000+0000",
    "source": "proxy",
    "host": "WORKSTATION03",
    "EventCode": 4634,
    "category": "normal",
    "action": "successful_login",
    "user": "adavis",
    "src_ip": "10.0.0.190",
    "dest_ip": "10.0.4.7",
    "severity": "low",
    "message": "Normal activity: adavis authenticated successfully"
  },
  {
    "timestamp": "2024-03-01T11:23:00.000+0000",
    "source": "WinEventLog:Security",
    "host": "WORKSTATION03",
    "EventCode": 4624,
    "category": "normal",
    "action": "network_access",
    "user": "swhite",
    "src_ip": "10.0.4.7",
    "dest_ip": "10.0.4.51",
    "severity": "low",
    "message": "Normal activity: swhite authenticated successfully"
  },
  {
    "timestamp": "2024-03-01T11:27:00.000+0000",
    "source": "proxy",
    "host": "WORKSTATION02",
    "EventCode": 4634,
    "category": "normal",
    "action": "logoff",
    "user": "kpatel",
    "src_ip": "10.0.5.190",
    "dest_ip": "10.0.3.57",
    "severity": "low",
    "message": "Normal activity: kpatel authenticated successfully"
  },
  {
    "timestamp": "2024-03-01T11:28:00.000+0000",
    "source": "proxy",
    "host": "WORKSTATION02",
    "EventCode": 4648,
    "category": "normal",
    "action": "logoff",
    "user": "jsmith",
    "src_ip": "10.0.0.8",
    "dest_ip": "10.0.0.190",
    "severity": "low",
    "message": "Normal activity: jsmith authenticated successfully"
  },
  {
    "timestamp": "2024-03-01T11:32:00.000+0000",
    "source": "WinEventLog:Security",
    "host": "WORKSTATION02",
    "EventCode": 4648,
    "category": "normal",
    "action": "successful_login",
    "user": "emartinez",
    "src_ip": "10.0.1.179",
    "dest_ip": "10.0.0.190",
    "severity": "low",
    "message": "Normal activity: emartinez authenticated successfully"
  },
  {
    "timestamp": "2024-03-01T11:43:00.000+0000",
    "source": "WinEventLog:System",
    "host": "WORKSTATION02",
    "EventCode": 4634,
    "category": "normal",
    "action": "logoff",
    "user": "emartinez",
    "src_ip": "10.0.3.151",
    "dest_ip": "10.0.3.151",
    "severity": "low",
    "message": "Normal activity: emartinez authenticated successfully"
  },
  {
    "timestamp": "2024-03-01T11:54:00.000+0000",
    "source": "WinEventLog:System",
    "host": "WORKSTATION01",
    "EventCode": 4634,
    "category": "normal",
    "action": "network_access",
    "user": "rjohnson",
    "src_ip": "10.0.4.109",
    "dest_ip": "10.0.5.167",
    "severity": "low",
    "message": "Normal activity: rjohnson authenticated successfully"
  },
  {
    "timestamp": "2024-03-01T11:55:00.000+0000",
    "source": "proxy",
    "host": "WORKSTATION01",
    "EventCode": 4634,
    "category": "normal",
    "action": "network_access",
    "user": "kpatel",
    "src_ip": "10.0.0.56",
    "dest_ip": "10.0.4.7",
    "severity": "low",
    "message": "Normal activity: kpatel authenticated successfully"
  },
  {
    "timestamp": "2024-03-01T11:58:00.000+0000",
    "source": "WinEventLog:System",
    "host": "WORKSTATION02",
    "EventCode": 4634,
    "category": "normal",
    "action": "network_access",
    "user": "lchen",
    "src_ip": "10.0.1.179",
    "dest_ip": "10.0.0.190",
    "severity": "low",
    "message": "Normal activity: lchen authenticated successfully"
  },
  {
    "timestamp": "2024-03-01T12:27:00.000+0000",
    "source": "WinEventLog:System",
    "host": "WORKSTATION03",
    "EventCode": 4634,
    "category": "normal",
    "action": "successful_login",
    "user": "adavis",
    "src_ip": "10.0.2.63",
    "dest_ip": "10.0.1.130",
    "severity": "low",
    "message": "Normal activity: adavis authenticated successfully"
  },
  {
    "timestamp": "2024-03-01T12:41:00.000+0000",
    "source": "WinEventLog:Security",
    "host": "WORKSTATION03",
    "EventCode": 4648,
    "category": "normal",
    "action": "network_access",
    "user": "bmorris",
    "src_ip": "10.0.3.151",
    "dest_ip": "10.0.2.63",
    "severity": "low",
    "message": "Normal activity: bmorris authenticated successfully"
  },
  {
    "timestamp": "2024-03-01T12:52:00.000+0000",
    "source": "WinEventLog:Security",
    "host": "WORKSTATION03",
    "EventCode": 4624,
    "category": "normal",
    "action": "logoff",
    "user": "bmorris",
    "src_ip": "10.0.5.29",
    "dest_ip": "10.0.1.179",
    "severity": "low",
    "message": "Normal activity: bmorris authenticated successfully"
  },
  {
    "timestamp": "2024-03-01T12:55:00.000+0000",
    "source": "proxy",
    "host": "WORKSTATION02",
    "EventCode": 4624,
    "category": "normal",
    "action": "logoff",
    "user": "lchen",
    "src_ip": "10.0.5.190",
    "dest_ip": "10.0.2.63",
    "severity": "low",
    "message": "Normal activity: lchen authenticated successfully"
  },
  {
    "timestamp": "2024-03-01T13:06:00.000+0000",
    "source": "proxy",
    "host": "WORKSTATION03",
    "EventCode": 4648,
    "category": "normal",
    "action": "network_access",
    "user": "adavis",
    "src_ip": "10.0.4.23",
    "dest_ip": "10.0.5.167",
    "severity": "low",
    "message": "Normal activity: adavis authenticated successfully"
  },
  {
    "timestamp": "2024-03-01T13:10:00.000+0000",
    "source": "proxy",
    "host": "WORKSTATION01",
    "EventCode": 4634,
    "category": "normal",
    "action": "successful_login",
    "user": "trobinson",
    "src_ip": "10.0.3.57",
    "dest_ip": "10.0.4.7",
    "severity": "low",
    "message": "Normal activity: trobinson authenticated successfully"
  },
  {
    "timestamp": "2024-03-01T13:38:00.000+0000",
    "source": "proxy",
    "host": "WORKSTATION02",
    "EventCode": 4634,
    "category": "normal",
    "action": "successful_login",
    "user": "mwilson",
    "src_ip": "10.0.2.63",
    "dest_ip": "10.0.1.130",
    "severity": "low",
    "message": "Normal activity: mwilson authenticated successfully"
  },
  {
    "timestamp": "2024-03-01T13:40:00.000+0000",
    "source": "WinEventLog:System",
    "host": "WORKSTATION01",
    "EventCode": 4624,
    "category": "normal",
    "action": "logoff",
    "user": "emartinez",
    "src_ip": "10.0.1.179",
    "dest_ip": "10.0.2.208",
    "severity": "low",
    "message": "Normal activity: emartinez authenticated successfully"
  },
  {
    "timestamp": "2024-03-01T14:21:00.000+0000",
    "source": "WinEventLog:System",
    "host": "WORKSTATION02",
    "EventCode": 4648,
    "category": "normal",
    "action": "logoff",
    "user": "mwilson",
    "src_ip": "10.0.0.195",
    "dest_ip": "10.0.1.179",
    "severity": "low",
    "message": "Normal activity: mwilson authenticated successfully"
  },
  {
    "timestamp": "2024-03-01T14:42:00.000+0000",
    "source": "WinEventLog:System",
    "host": "WORKSTATION03",
    "EventCode": 4634,
    "category": "normal",
    "action": "logoff",
    "user": "kpatel",
    "src_ip": "10.0.0.8",
    "dest_ip": "10.0.4.23",
    "severity": "low",
    "message": "Normal activity: kpatel authenticated successfully"
  },
  {
    "timestamp": "2024-03-01T14:56:00.000+0000",
    "source": "WinEventLog:System",
    "host": "WORKSTATION02",
    "EventCode": 4634,
    "category": "normal",
    "action": "logoff",
    "user": "trobinson",
    "src_ip": "10.0.5.167",
    "dest_ip": "10.0.1.36",
    "severity": "low",
    "message": "Normal activity: trobinson authenticated successfully"
  },
  {
    "timestamp": "2024-03-01T14:58:00.000+0000",
    "source": "WinEventLog:System",
    "host": "WORKSTATION03",
    "EventCode": 4634,
    "category": "normal",
    "action": "network_access",
    "user": "adavis",
    "src_ip": "10.0.4.51",
    "dest_ip": "10.0.5.167",
    "severity": "low",
    "message": "Normal activity: adavis authenticated successfully"
  },
  {
    "timestamp": "2024-03-01T15:02:00.000+0000",
    "source": "WinEventLog:System",
    "host": "WORKSTATION02",
    "EventCode": 4648,
    "category": "normal",
    "action": "successful_login",
    "user": "kpatel",
    "src_ip": "10.0.4.7",
    "dest_ip": "10.0.2.63",
    "severity": "low",
    "message": "Normal activity: kpatel authenticated successfully"
  },
  {
    "timestamp": "2024-03-01T15:47:00.000+0000",
    "source": "WinEventLog:Security",
    "host": "WORKSTATION01",
    "EventCode": 4634,
    "category": "normal",
    "action": "network_access",
    "user": "kpatel",
    "src_ip": "10.0.4.109",
    "dest_ip": "10.0.3.151",
    "severity": "low",
    "message": "Normal activity: kpatel authenticated successfully"
  },
  {
    "timestamp": "2024-03-01T16:07:00.000+0000",
    "source": "WinEventLog:System",
    "host": "WORKSTATION01",
    "EventCode": 4634,
    "category": "normal",
    "action": "network_access",
    "user": "bmorris",
    "src_ip": "10.0.0.195",
    "dest_ip": "10.0.3.57",
    "severity": "low",
    "message": "Normal activity: bmorris authenticated successfully"
  },
  {
    "timestamp": "2024-03-01T16:14:00.000+0000",
    "source": "WinEventLog:Security",
    "host": "WORKSTATION01",
    "EventCode": 4624,
    "category": "normal",
    "action": "logoff",
    "user": "adavis",
    "src_ip": "10.0.5.29",
    "dest_ip": "10.0.4.7",
    "severity": "low",
    "message": "Normal activity: adavis authenticated successfully"
  },
  {
    "timestamp": "2024-03-01T16:24:00.000+0000",
    "source": "proxy",
    "host": "WORKSTATION03",
    "EventCode": 4648,
    "category": "normal",
    "action": "successful_login",
    "user": "swhite",
    "src_ip": "10.0.5.140",
    "dest_ip": "10.0.0.195",
    "severity": "low",
    "message": "Normal activity: swhite authenticated successfully"
  },
  {
    "timestamp": "2024-03-01T16:24:00.000+0000",
    "source": "WinEventLog:Security",
    "host": "WORKSTATION02",
    "EventCode": 4634,
    "category": "normal",
    "action": "network_access",
    "user": "rjohnson",
    "src_ip": "10.0.5.140",
    "dest_ip": "10.0.4.23",
    "severity": "low",
    "message": "Normal activity: rjohnson authenticated successfully"
  },
  {
    "timestamp": "2024-03-01T16:27:00.000+0000",
    "source": "WinEventLog:System",
    "host": "WORKSTATION01",
    "EventCode": 4634,
    "category": "normal",
    "action": "successful_login",
    "user": "adavis",
    "src_ip": "10.0.0.190",
    "dest_ip": "10.0.4.109",
    "severity": "low",
    "message": "Normal activity: adavis authenticated successfully"
  },
  {
    "timestamp": "2024-03-01T16:40:00.000+0000",
    "source": "proxy",
    "host": "WORKSTATION03",
    "EventCode": 4624,
    "category": "normal",
    "action": "logoff",
    "user": "adavis",
    "src_ip": "10.0.4.7",
    "dest_ip": "10.0.5.27",
    "severity": "low",
    "message": "Normal activity: adavis authenticated successfully"
  },
  {
    "timestamp": "2024-03-01T16:42:00.000+0000",
    "source": "WinEventLog:Security",
    "host": "WORKSTATION01",
    "EventCode": 4634,
    "category": "normal",
    "action": "network_access",
    "user": "lchen",
    "src_ip": "10.0.0.190",
    "dest_ip": "10.0.5.29",
    "severity": "low",
    "message": "Normal activity: lchen authenticated successfully"
  },
  {
    "timestamp": "2024-03-01T17:03:00.000+0000",
    "source": "proxy",
    "host": "WORKSTATION03",
    "EventCode": 4634,
    "category": "normal",
    "action": "network_access",
    "user": "emartinez",
    "src_ip": "10.0.1.36",
    "dest_ip": "10.0.5.167",
    "severity": "low",
    "message": "Normal activity: emartinez authenticated successfully"
  },
  {
    "timestamp": "2024-03-01T17:18:00.000+0000",
    "source": "WinEventLog:Security",
    "host": "WORKSTATION03",
    "EventCode": 4648,
    "category": "normal",
    "action": "network_access",
    "user": "lchen",
    "src_ip": "10.0.5.190",
    "dest_ip": "10.0.4.7",
    "severity": "low",
    "message": "Normal activity: lchen authenticated successfully"
  },
  {
    "timestamp": "2024-03-01T17:20:00.000+0000",
    "source": "WinEventLog:Security",
    "host": "WORKSTATION03",
    "EventCode": 4624,
    "category": "normal",
    "action": "network_access",
    "user": "emartinez",
    "src_ip": "10.0.5.140",
    "dest_ip": "10.0.0.56",
    "severity": "low",
    "message": "Normal activity: emartinez authenticated successfully"
  },
  {
    "timestamp": "2024-03-01T17:21:00.000+0000",
    "source": "proxy",
    "host": "WORKSTATION02",
    "EventCode": 4648,
    "category": "normal",
    "action": "logoff",
    "user": "mwilson",
    "src_ip": "10.0.5.190",
    "dest_ip": "10.0.5.27",
    "severity": "low",
    "message": "Normal activity: mwilson authenticated successfully"
  },
  {
    "timestamp": "2024-03-01T17:36:00.000+0000",
    "source": "WinEventLog:System",
    "host": "WORKSTATION03",
    "EventCode": 4624,
    "category": "normal",
    "action": "network_access",
    "user": "bmorris",
    "src_ip": "10.0.2.63",
    "dest_ip": "10.0.2.63",
    "severity": "low",
    "message": "Normal activity: bmorris authenticated successfully"
  },
  {
    "timestamp": "2024-03-01T17:49:00.000+0000",
    "source": "proxy",
    "host": "WORKSTATION03",
    "EventCode": 4648,
    "category": "normal",
    "action": "network_access",
    "user": "emartinez",
    "src_ip": "10.0.5.29",
    "dest_ip": "10.0.1.179",
    "severity": "low",
    "message": "Normal activity: emartinez authenticated successfully"
  },
  {
    "timestamp": "2024-03-01T17:53:00.000+0000",
    "source": "WinEventLog:Security",
    "host": "WORKSTATION02",
    "EventCode": 4648,
    "category": "normal",
    "action": "successful_login",
    "user": "bmorris",
    "src_ip": "10.0.5.167",
    "dest_ip": "10.0.5.29",
    "severity": "low",
    "message": "Normal activity: bmorris authenticated successfully"
  },
  {
    "timestamp": "2024-03-01T17:59:00.000+0000",
    "source": "proxy",
    "host": "WORKSTATION03",
    "EventCode": 4624,
    "category": "normal",
    "action": "logoff",
    "user": "adavis",
    "src_ip": "10.0.2.63",
    "dest_ip": "10.0.5.190",
    "severity": "low",
    "message": "Normal activity: adavis authenticated successfully"
  },
  {
    "timestamp": "2024-03-01T18:47:00.000+0000",
    "source": "WinEventLog:System",
    "host": "WORKSTATION03",
    "EventCode": 4624,
    "category": "normal",
    "action": "logoff",
    "user": "mwilson",
    "src_ip": "10.0.1.179",
    "dest_ip": "10.0.5.167",
    "severity": "low",
    "message": "Normal activity: mwilson authenticated successfully"
  },
  {
    "timestamp": "2024-03-01T19:00:00.000+0000",
    "source": "WinEventLog:Security",
    "host": "WORKSTATION02",
    "EventCode": 4624,
    "category": "normal",
    "action": "successful_login",
    "user": "adavis",
    "src_ip": "10.0.2.208",
    "dest_ip": "10.0.1.179",
    "severity": "low",
    "message": "Normal activity: adavis authenticated successfully"
  },
  {
    "timestamp": "2024-03-01T19:09:00.000+0000",
    "source": "WinEventLog:Security",
    "host": "WORKSTATION02",
    "EventCode": 4648,
    "category": "normal",
    "action": "network_access",
    "user": "adavis",
    "src_ip": "10.0.0.195",
    "dest_ip": "10.0.2.208",
    "severity": "low",
    "message": "Normal activity: adavis authenticated successfully"
  },
  {
    "timestamp": "2024-03-01T19:18:00.000+0000",
    "source": "WinEventLog:Security",
    "host": "WORKSTATION03",
    "EventCode": 4624,
    "category": "normal",
    "action": "logoff",
    "user": "swhite",
    "src_ip": "10.0.3.57",
    "dest_ip": "10.0.4.23",
    "severity": "low",
    "message": "Normal activity: swhite authenticated successfully"
  },
  {
    "timestamp": "2024-03-01T19:18:00.000+0000",
    "source": "WinEventLog:Security",
    "host": "WORKSTATION01",
    "EventCode": 4624,
    "category": "normal",
    "action": "successful_login",
    "user": "swhite",
    "src_ip": "10.0.5.140",
    "dest_ip": "10.0.5.190",
    "severity": "low",
    "message": "Normal activity: swhite authenticated successfully"
  },
  {
    "timestamp": "2024-03-01T20:12:00.000+0000",
    "source": "proxy",
    "host": "WORKSTATION02",
    "EventCode": 4648,
    "category": "normal",
    "action": "successful_login",
    "user": "bmorris",
    "src_ip": "10.0.0.190",
    "dest_ip": "10.0.5.140",
    "severity": "low",
    "message": "Normal activity: bmorris authenticated successfully"
  },
  {
    "timestamp": "2024-03-01T20:12:00.000+0000",
    "source": "WinEventLog:System",
    "host": "WORKSTATION01",
    "EventCode": 4648,
    "category": "normal",
    "action": "logoff",
    "user": "lchen",
    "src_ip": "10.0.0.8",
    "dest_ip": "10.0.1.36",
    "severity": "low",
    "message": "Normal activity: lchen authenticated successfully"
  },
  {
    "timestamp": "2024-03-01T20:23:00.000+0000",
    "source": "WinEventLog:System",
    "host": "WORKSTATION03",
    "EventCode": 4624,
    "category": "normal",
    "action": "network_access",
    "user": "bmorris",
    "src_ip": "10.0.5.27",
    "dest_ip": "10.0.5.140",
    "severity": "low",
    "message": "Normal activity: bmorris authenticated successfully"
  },
  {
    "timestamp": "2024-03-01T20:26:00.000+0000",
    "source": "WinEventLog:Security",
    "host": "WORKSTATION01",
    "EventCode": 4624,
    "category": "normal",
    "action": "logoff",
    "user": "adavis",
    "src_ip": "10.0.3.57",
    "dest_ip": "10.0.1.36",
    "severity": "low",
    "message": "Normal activity: adavis authenticated successfully"
  },
  {
    "timestamp": "2024-03-01T20:41:00.000+0000",
    "source": "WinEventLog:Security",
    "host": "WORKSTATION02",
    "EventCode": 4624,
    "category": "normal",
    "action": "network_access",
    "user": "bmorris",
    "src_ip": "10.0.4.51",
    "dest_ip": "10.0.0.56",
    "severity": "low",
    "message": "Normal activity: bmorris authenticated successfully"
  },
  {
    "timestamp": "2024-03-01T20:42:00.000+0000",
    "source": "proxy",
    "host": "WORKSTATION02",
    "EventCode": 4624,
    "category": "normal",
    "action": "logoff",
    "user": "kpatel",
    "src_ip": "10.0.0.56",
    "dest_ip": "10.0.5.190",
    "severity": "low",
    "message": "Normal activity: kpatel authenticated successfully"
  },
  {
    "timestamp": "2024-03-01T21:18:00.000+0000",
    "source": "WinEventLog:System",
    "host": "WORKSTATION03",
    "EventCode": 4648,
    "category": "normal",
    "action": "logoff",
    "user": "lchen",
    "src_ip": "10.0.5.190",
    "dest_ip": "10.0.5.140",
    "severity": "low",
    "message": "Normal activity: lchen authenticated successfully"
  },
  {
    "timestamp": "2024-03-01T21:23:00.000+0000",
    "source": "proxy",
    "host": "WORKSTATION02",
    "EventCode": 4624,
    "category": "normal",
    "action": "logoff",
    "user": "rjohnson",
    "src_ip": "10.0.0.8",
    "dest_ip": "10.0.4.23",
    "severity": "low",
    "message": "Normal activity: rjohnson authenticated successfully"
  },
  {
    "timestamp": "2024-03-01T21:53:00.000+0000",
    "source": "WinEventLog:Security",
    "host": "WORKSTATION01",
    "EventCode": 4634,
    "category": "normal",
    "action": "network_access",
    "user": "lchen",
    "src_ip": "10.0.0.56",
    "dest_ip": "10.0.1.130",
    "severity": "low",
    "message": "Normal activity: lchen authenticated successfully"
  },
  {
    "timestamp": "2024-03-01T22:20:00.000+0000",
    "source": "proxy",
    "host": "WORKSTATION03",
    "EventCode": 4634,
    "category": "normal",
    "action": "logoff",
    "user": "kpatel",
    "src_ip": "10.0.3.151",
    "dest_ip": "10.0.1.179",
    "severity": "low",
    "message": "Normal activity: kpatel authenticated successfully"
  },
  {
    "timestamp": "2024-03-01T22:28:00.000+0000",
    "source": "proxy",
    "host": "WORKSTATION02",
    "EventCode": 4648,
    "category": "normal",
    "action": "logoff",
    "user": "adavis",
    "src_ip": "10.0.2.63",
    "dest_ip": "10.0.2.208",
    "severity": "low",
    "message": "Normal activity: adavis authenticated successfully"
  },
  {
    "timestamp": "2024-03-01T22:31:00.000+0000",
    "source": "proxy",
    "host": "WORKSTATION02",
    "EventCode": 4624,
    "category": "normal",
    "action": "network_access",
    "user": "bmorris",
    "src_ip": "10.0.5.167",
    "dest_ip": "10.0.2.63",
    "severity": "low",
    "message": "Normal activity: bmorris authenticated successfully"
  },
  {
    "timestamp": "2024-03-01T23:28:00.000+0000",
    "source": "WinEventLog:System",
    "host": "WORKSTATION02",
    "EventCode": 4648,
    "category": "normal",
    "action": "network_access",
    "user": "jsmith",
    "src_ip": "10.0.4.109",
    "dest_ip": "10.0.5.140",
    "severity": "low",
    "message": "Normal activity: jsmith authenticated successfully"
  },
  {
    "timestamp": "2024-03-01T23:40:00.000+0000",
    "source": "WinEventLog:Security",
    "host": "WORKSTATION03",
    "EventCode": 4648,
    "category": "normal",
    "action": "successful_login",
    "user": "jsmith",
    "src_ip": "10.0.4.51",
    "dest_ip": "10.0.5.167",
    "severity": "low",
    "message": "Normal activity: jsmith authenticated successfully"
  },
  {
    "timestamp": "2024-03-01T23:50:00.000+0000",
    "source": "WinEventLog:System",
    "host": "WORKSTATION02",
    "EventCode": 4648,
    "category": "normal",
    "action": "successful_login",
    "user": "rjohnson",
    "src_ip": "10.0.0.190",
    "dest_ip": "10.0.3.57",
    "severity": "low",
    "message": "Normal activity: rjohnson authenticated successfully"
  }
]