  {
    "timestamp": "2024-03-01T06:03:00.000+0000",
    "source": "proxy",
    "host": "PROXY01",
    "category": "trojan_rat",
    "action": "http_request",
    "user": "SYSTEM",
    "src_ip": "10.0.3.45",
    "dest_ip": "91.108.4.7",
    "url": "http://trojan-loader.net/check?id=816&ver=2.1",
    "user_agent": "Mozilla/4.0 (compatible; MSIE 6.0; Windows NT 5.1)",
    "bytes_out": 351,
    "bytes_in": 105,
    "severity": "critical",
    "ioc_domain": "trojan-loader.net",
    "ioc_ip": "91.108.4.7",
    "malware_family": "AsyncRAT",
    "attack_technique": "T1219 - Remote Access Software",
    "message": "AsyncRAT C2 check-in detected via HTTP"
  },
  {
    "timestamp": "2024-03-01T06:04:09.000+0000",
    "source": "edr",
    "host": "WORKSTATION05",
    "EventCode": 4663,
    "category": "ransomware",
    "action": "file_modified",
    "user": "SYSTEM",
    "process": "cryptolocker.exe",
    "file_path": "C:\\Users\\Public\\document_3503.WNCRY",
    "file_hash": "a3b1c4d5e6f7a8b9c0d1e2f3a4b5c6d7",
    "severity": "critical",
    "ioc_hash": "44d88612fea8a8f36de82e1278abb02f",
    "malware_family": "LockBit 3.0",
    "attack_technique": "T1486 - Data Encrypted for Impact",
    "message": "Mass file encryption detected: document_3503.WNCRY on WORKSTATION05"
  },
  {
    "timestamp": "2024-03-01T06:04:12.000+0000",
    "source": "edr",
    "host": "WORKSTATION06",
    "EventCode": 4663,
    "category": "ransomware",
    "action": "file_modified",
    "user": "SYSTEM",
    "process": "cryptolocker.exe",
    "file_path": "C:\\Users\\Public\\document_1958.encrypted",
    "file_hash": "5f4dcc3b5aa765d61d8327deb882cf99",
    "severity": "critical",
    "ioc_hash": "44d88612fea8a8f36de82e1278abb02f",
    "malware_family": "LockBit 3.0",
    "attack_technique": "T1486 - Data Encrypted for Impact",
    "message": "Mass file encryption detected: document_1958.encrypted on WORKSTATION06"
  },
  {
    "timestamp": "2024-03-01T06:04:17.000+0000",
    "source": "edr",
    "host": "WORKSTATION06",
    "EventCode": 4663,
    "category": "ransomware",
    "action": "file_modified",
    "user": "SYSTEM",
    "process": "cryptolocker.exe",
    "file_path": "C:\\Users\\Public\\document_4450.locky",
    "file_hash": "deadbeefcafebabedeadbeefcafebabe",
    "severity": "critical",
    "ioc_hash": "a3b1c4d5e6f7a8b9c0d1e2f3a4b5c6d7",
    "malware_family": "LockBit 3.0",
    "attack_technique": "T1486 - Data Encrypted for Impact",
    "message": "Mass file encryption detected: document_4450.locky on WORKSTATION06"
  },
  {
    "timestamp": "2024-03-01T06:05:28.000+0000",
    "source": "edr",
    "host": "FILE-SERVER",
    "EventCode": 4663,
    "category": "ransomware",
    "action": "file_modified",
    "user": "SYSTEM",
    "process": "explorer.exe",
    "file_path": "C:\\Users\\Public\\document_9666.crypted",
    "file_hash": "5f4dcc3b5aa765d61d8327deb882cf99",
    "severity": "critical",
    "ioc_hash": "deadbeefcafebabedeadbeefcafebabe",
    "malware_family": "LockBit 3.0",
    "attack_technique": "T1486 - Data Encrypted for Impact",
    "message": "Mass file encryption detected: document_9666.crypted on FILE-SERVER"
  },
  {
    "timestamp": "2024-03-01T06:05:47.000+0000",
    "source": "edr",
    "host": "WORKSTATION06",
    "EventCode": 4663,
    "category": "ransomware",
    "action": "file_modified",
    "user": "SYSTEM",
    "process": "cryptolocker.exe",
    "file_path": "C:\\Users\\Public\\document_8007.locky",
    "file_hash": "44d88612fea8a8f36de82e1278abb02f",
    "severity": "critical",
    "ioc_hash": "44d88612fea8a8f36de82e1278abb02f",
    "malware_family": "LockBit 3.0",
    "attack_technique": "T1486 - Data Encrypted for Impact",
    "message": "Mass file encryption detected: document_8007.locky on WORKSTATION06"
  },
  {
    "timestamp": "2024-03-01T06:05:47.000+0000",
    "source": "edr",
    "host": "WORKSTATION06",
    "EventCode": 4663,
    "category": "ransomware",
    "action": "file_modified",
    "user": "SYSTEM",
    "process": "svchost.exe",
    "file_path": "C:\\Users\\Public\\document_5065.WNCRY",
    "file_hash": "a3b1c4d5e6f7a8b9c0d1e2f3a4b5c6d7",
    "severity": "critical",
    "ioc_hash": "44d88612fea8a8f36de82e1278abb02f",
    "malware_family": "LockBit 3.0",
    "attack_technique": "T1486 - Data Encrypted for Impact",
    "message": "Mass file encryption detected: document_5065.WNCRY on WORKSTATION06"
  },
  {
    "timestamp": "2024-03-01T06:06:00.000+0000",
    "source": "web_server",
    "host": "WEB01",
    "category": "sql_injection",
    "action": "http_request",
    "method": "POST",
    "src_ip": "45.33.32.156",
    "url": "/admin/users.php",
    "status_code": 500,
    "user_agent": "sqlmap/1.7.2#stable (https://sqlmap.org)",
    "payload": "' UNION SELECT NULL,NULL,NULL--",
    "severity": "high",
    "ioc_ip": "91.108.4.7",
    "attack_technique": "T1190 - Exploit Public-Facing Application",
    "message": "SQL injection attempt detected from 185.56.80.65"
  },
  {
    "timestamp": "2024-03-01T06:06:06.000+0000",
    "source": "edr",
    "host": "WORKSTATION05",
    "EventCode": 4663,
    "category": "ransomware",
    "action": "file_modified",
    "user": "SYSTEM",
    "process": "svchost.exe",
    "file_path": "C:\\Users\\Public\\document_6804.WNCRY",
    "file_hash": "f0e1d2c3b4a5968778695a4b3c2d1e0f",
    "severity": "critical",
    "ioc_hash": "f0e1d2c3b4a5968778695a4b3c2d1e0f",
    "malware_family": "LockBit 3.0",
    "attack_technique": "T1486 - Data Encrypted for Impact",
    "message": "Mass file encryption detected: document_6804.WNCRY on WORKSTATION05"
  },
  {
    "timestamp": "2024-03-01T06:07:12.000+0000",
    "source": "edr",
    "host": "WORKSTATION05",
    "EventCode": 4663,
    "category": "ransomware",
    "action": "file_modified",
    "user": "SYSTEM",
    "process": "explorer.exe",
    "file_path": "C:\\Users\\Public\\document_8350.locky",
    "file_hash": "f0e1d2c3b4a5968778695a4b3c2d1e0f",
    "severity": "critical",
    "ioc_hash": "a3b1c4d5e6f7a8b9c0d1e2f3a4b5c6d7",
    "malware_family": "LockBit 3.0",
    "attack_technique": "T1486 - Data Encrypted for Impact",
    "message": "Mass file encryption detected: document_8350.locky on WORKSTATION05"
  },
  {
    "timestamp": "2024-03-01T06:07:16.000+0000",
    "source": "edr",
    "host": "WORKSTATION06",
    "EventCode": 4663,
    "category": "ransomware",
    "action": "file_modified",
    "user": "SYSTEM",
    "process": "svchost.exe",
    "file_path": "C:\\Users\\Public\\document_5915.encrypted",
    "file_hash": "deadbeefcafebabedeadbeefcafebabe",
    "severity": "critical",
    "ioc_hash": "44d88612fea8a8f36de82e1278abb02f",
    "malware_family": "LockBit 3.0",
    "attack_technique": "T1486 - Data Encrypted for Impact",
    "message": "Mass file encryption detected: document_5915.encrypted on WORKSTATION06"
  },
  {
    "timestamp": "2024-03-01T06:07:51.000+0000",
    "source": "edr",
    "host": "WORKSTATION05",
    "EventCode": 4663,
    "category": "ransomware",
    "action": "file_modified",
    "user": "SYSTEM",
    "process": "explorer.exe",
    "file_path": "C:\\Users\\Public\\document_1400.encrypted",
    "file_hash": "a3b1c4d5e6f7a8b9c0d1e2f3a4b5c6d7",
    "severity": "critical",
    "ioc_hash": "f0e1d2c3b4a5968778695a4b3c2d1e0f",
    "malware_family": "LockBit 3.0",
    "attack_technique": "T1486 - Data Encrypted for Impact",
    "message": "Mass file encryption detected: document_1400.encrypted on WORKSTATION05"
  },
  {
    "timestamp": "2024-03-01T06:08:29.000+0000",
    "source": "edr",
    "host": "WORKSTATION05",
    "EventCode": 4663,
    "category": "ransomware",
    "action": "file_modified",
    "user": "SYSTEM",
    "process": "cryptolocker.exe",
    "file_path": "C:\\Users\\Public\\document_8260.locked",
    "file_hash": "44d88612fea8a8f36de82e1278abb02f",
    "severity": "critical",
    "ioc_hash": "44d88612fea8a8f36de82e1278abb02f",
    "malware_family": "LockBit 3.0",
    "attack_technique": "T1486 - Data Encrypted for Impact",
    "message": "Mass file encryption detected: document_8260.locked on WORKSTATION05"
  },
  {
    "timestamp": "2024-03-01T06:08:59.000+0000",
    "source": "edr",
    "host": "WORKSTATION06",
    "EventCode": 4663,
    "category": "ransomware",
    "action": "file_modified",
    "user": "SYSTEM",
    "process": "cryptolocker.exe",
    "file_path": "C:\\Users\\Public\\document_7930.crypted",
    "file_hash": "5f4dcc3b5aa765d61d8327deb882cf99",
    "severity": "critical",
    "ioc_hash": "f0e1d2c3b4a5968778695a4b3c2d1e0f",
    "malware_family": "LockBit 3.0",
    "attack_technique": "T1486 - Data Encrypted for Impact",
    "message": "Mass file encryption detected: document_7930.crypted on WORKSTATION06"
  },
  {
    "timestamp": "2024-03-01T06:09:00.000+0000",
    "source": "web_server",
    "host": "WEB01",
    "category": "sql_injection",
    "action": "http_request",
    "method": "POST",
    "src_ip": "91.108.4.7",
    "url": "/admin/users.php",
    "status_code": 200,
    "user_agent": "sqlmap/1.7.2#stable (https://sqlmap.org)",
    "payload": "1' AND SLEEP(5)--",
    "severity": "high",
    "ioc_ip": "89.248.167.131",
    "attack_technique": "T1190 - Exploit Public-Facing Application",
    "message": "SQL injection attempt detected from 172.16.5.200"
  },
  {
    "timestamp": "2024-03-01T06:09:18.000+0000",
    "source": "edr",
    "host": "WORKSTATION05",
    "EventCode": 4663,
    "category": "ransomware",
    "action": "file_modified",
    "user": "SYSTEM",
    "process": "svchost.exe",
    "file_path": "C:\\Users\\Public\\document_6279.WNCRY",
    "file_hash": "f0e1d2c3b4a5968778695a4b3c2d1e0f",
    "severity": "critical",
    "ioc_hash": "f0e1d2c3b4a5968778695a4b3c2d1e0f",
    "malware_family": "LockBit 3.0",
    "attack_technique": "T1486 - Data Encrypted for Impact",
    "message": "Mass file encryption detected: document_6279.WNCRY on WORKSTATION05"
  },
  {
    "timestamp": "2024-03-01T06:09:52.000+0000",
    "source": "edr",
    "host": "WORKSTATION05",
    "EventCode": 4663,
    "category": "ransomware",
    "action": "file_modified",
    "user": "SYSTEM",
    "process": "cryptolocker.exe",
    "file_path": "C:\\Users\\Public\\document_1387.encrypted",
    "file_hash": "a3b1c4d5e6f7a8b9c0d1e2f3a4b5c6d7",
    "severity": "critical",
    "ioc_hash": "f0e1d2c3b4a5968778695a4b3c2d1e0f",
    "malware_family": "LockBit 3.0",
    "attack_technique": "T1486 - Data Encrypted for Impact",
    "message": "Mass file encryption detected: document_1387.encrypted on WORKSTATION05"
  },
  {
    "timestamp": "2024-03-01T06:10:00.000+0000",
    "source": "web_server",
    "host": "WEB01",
    "category": "sql_injection",
    "action": "http_request",
    "method": "POST",
    "src_ip": "89.248.167.131",
    "url": "/admin/users.php",
    "status_code": 200,
    "user_agent": "sqlmap/1.7.2#stable (https://sqlmap.org)",
    "payload": "'; DROP TABLE users;--",
    "severity": "high",
    "ioc_ip": "91.108.4.7",
    "attack_technique": "T1190 - Exploit Public-Facing Application",
    "message": "SQL injection attempt detected from 192.168.1.99"
  },
  {
    "timestamp": "2024-03-01T06:10:00.000+0000",
    "source": "proxy",
    "host": "PROXY01",
    "category": "trojan_rat",
    "action": "http_request",
    "user": "SYSTEM",
    "src_ip": "10.0.3.45",
    "dest_ip": "91.108.4.7",
    "url": "http://trojan-loader.net/check?id=949&ver=2.1",
    "user_agent": "Mozilla/4.0 (compatible; MSIE 6.0; Windows NT 5.1)",
    "bytes_out": 402,
    "bytes_in": 170,
    "severity": "critical",
    "ioc_domain": "trojan-loader.net",
    "ioc_ip": "91.108.4.7",
    "malware_family": "AsyncRAT",
    "attack_technique": "T1219 - Remote Access Software",
    "message": "AsyncRAT C2 check-in detected via HTTP"
  },
  {
    "timestamp": "2024-03-01T06:10:17.000+0000",
    "source": "edr",
    "host": "WORKSTATION05",
    "EventCode": 4663,
    "category": "ransomware",
    "action": "file_modified",
    "user": "SYSTEM",
    "process": "cryptolocker.exe",
    "file_path": "C:\\Users\\Public\\document_6753.crypted",
    "file_hash": "5f4dcc3b5aa765d61d8327deb882cf99",
    "severity": "critical",
    "ioc_hash": "f0e1d2c3b4a5968778695a4b3c2d1e0f",
    "malware_family": "LockBit 3.0",
    "attack_technique": "T1486 - Data Encrypted for Impact",
    "message": "Mass file encryption detected: document_6753.crypted on WORKSTATION05"
  },
  {
    "timestamp": "2024-03-01T06:10:25.000+0000",
    "source": "edr",
    "host": "FILE-SERVER",
    "EventCode": 4663,
    "category": "ransomware",
    "action": "file_modified",
    "user": "SYSTEM",
    "process": "explorer.exe",
    "file_path": "C:\\Users\\Public\\document_3085.crypted",
    "file_hash": "f0e1d2c3b4a5968778695a4b3c2d1e0f",
    "severity": "critical",
    "ioc_hash": "f0e1d2c3b4a5968778695a4b3c2d1e0f",
    "malware_family": "LockBit 3.0",
    "attack_technique": "T1486 - Data Encrypted for Impact",
    "message": "Mass file encryption detected: document_3085.crypted on FILE-SERVER"
  },
  {
    "timestamp": "2024-03-01T06:12:00.000+0000",
    "source": "web_server",
    "host": "WEB01",
    "category": "sql_injection",
    "action": "http_request",
    "method": "POST",
    "src_ip": "45.33.32.156",
    "url": "/login.php",
    "status_code": 403,
    "user_agent": "sqlmap/1.7.2#stable (https://sqlmap.org)",
    "payload": "' OR 1=1--",
    "severity": "high",
    "ioc_ip": "89.248.167.131",
    "attack_technique": "T1190 - Exploit Public-Facing Application",
    "message": "SQL injection attempt detected from 198.199.72.101"
  },
  {
    "timestamp": "2024-03-01T06:12:07.000+0000",
    "source": "edr",
    "host": "FILE-SERVER",
    "EventCode": 4663,
    "category": "ransomware",
    "action": "file_modified",
    "user": "SYSTEM",
    "process": "cryptolocker.exe",
    "file_path": "C:\\Users\\Public\\document_1651.encrypted",
    "file_hash": "44d88612fea8a8f36de82e1278abb02f",
    "severity": "critical",
    "ioc_hash": "f0e1d2c3b4a5968778695a4b3c2d1e0f",
    "malware_family": "LockBit 3.0",
    "attack_technique": "T1486 - Data Encrypted for Impact",
    "message": "Mass file encryption detected: document_1651.encrypted on FILE-SERVER"
  },
  {
    "timestamp": "2024-03-01T06:12:55.000+0000",
    "source": "edr",
    "host": "WORKSTATION05",
    "EventCode": 4663,
    "category": "ransomware",
    "action": "file_modified",
    "user": "SYSTEM",
    "process": "explorer.exe",
    "file_path": "C:\\Users\\Public\\document_4644.WNCRY",
    "file_hash": "f0e1d2c3b4a5968778695a4b3c2d1e0f",
    "severity": "critical",
    "ioc_hash": "deadbeefcafebabedeadbeefcafebabe",
    "malware_family": "LockBit 3.0",
    "attack_technique": "T1486 - Data Encrypted for Impact",
    "message": "Mass file encryption detected: document_4644.WNCRY on WORKSTATION05"
  },
  {
    "timestamp": "2024-03-01T06:13:26.000+0000",
    "source": "edr",
    "host": "WORKSTATION06",
    "EventCode": 4663,
    "category": "ransomware",
    "action": "file_modified",
    "user": "SYSTEM",
    "process": "svchost.exe",
    "file_path": "C:\\Users\\Public\\document_8633.locky",
    "file_hash": "44d88612fea8a8f36de82e1278abb02f",
    "severity": "critical",
    "ioc_hash": "a3b1c4d5e6f7a8b9c0d1e2f3a4b5c6d7",
    "malware_family": "LockBit 3.0",
    "attack_technique": "T1486 - Data Encrypted for Impact",
    "message": "Mass file encryption detected: document_8633.locky on WORKSTATION06"
  },
  {
    "timestamp": "2024-03-01T06:15:00.000+0000",
    "source": "web_server",
    "host": "WEB01",
    "category": "sql_injection",
    "action": "http_request",
    "method": "POST",
    "src_ip": "89.248.167.131",
    "url": "/product.php",
    "status_code": 403,
    "user_agent": "sqlmap/1.7.2#stable (https://sqlmap.org)",
    "payload": "' OR 1=1--",
    "severity": "high",
    "ioc_ip": "89.248.167.131",
    "attack_technique": "T1190 - Exploit Public-Facing Application",
    "message": "SQL injection attempt detected from 185.56.80.65"
  },
  {
    "timestamp": "2024-03-01T06:15:13.000+0000",
    "source": "edr",
    "host": "WORKSTATION06",
    "EventCode": 4663,
    "category": "ransomware",
    "action": "file_modified",
    "user": "SYSTEM",
    "process": "svchost.exe",
    "file_path": "C:\\Users\\Public\\document_3697.locked",
    "file_hash": "44d88612fea8a8f36de82e1278abb02f",
    "severity": "critical",
    "ioc_hash": "f0e1d2c3b4a5968778695a4b3c2d1e0f",
    "malware_family": "LockBit 3.0",
    "attack_technique": "T1486 - Data Encrypted for Impact",
    "message": "Mass file encryption detected: document_3697.locked on WORKSTATION06"
  },
  {
    "timestamp": "2024-03-01T06:16:16.000+0000",
    "source": "edr",
    "host": "WORKSTATION05",
    "EventCode": 4663,
    "category": "ransomware",
    "action": "file_modified",
    "user": "SYSTEM",
    "process": "explorer.exe",
    "file_path": "C:\\Users\\Public\\document_2127.crypted",
    "file_hash": "deadbeefcafebabedeadbeefcafebabe",
    "severity": "critical",
    "ioc_hash": "deadbeefcafebabedeadbeefcafebabe",
    "malware_family": "LockBit 3.0",
    "attack_technique": "T1486 - Data Encrypted for Impact",
    "message": "Mass file encryption detected: document_2127.crypted on WORKSTATION05"
  },
  {
    "timestamp": "2024-03-01T06:16:42.000+0000",
    "source": "edr",
    "host": "FILE-SERVER",
    "EventCode": 4663,
    "category": "ransomware",
    "action": "file_modified",
    "user": "SYSTEM",
    "process": "explorer.exe",
    "file_path": "C:\\Users\\Public\\document_6491.locky",
    "file_hash": "a3b1c4d5e6f7a8b9c0d1e2f3a4b5c6d7",
    "severity": "critical",
    "ioc_hash": "deadbeefcafebabedeadbeefcafebabe",
    "malware_family": "LockBit 3.0",
    "attack_technique": "T1486 - Data Encrypted for Impact",
    "message": "Mass file encryption detected: document_6491.locky on FILE-SERVER"
  },
  {
    "timestamp": "2024-03-01T06:17:00.000+0000",
    "source": "proxy",
    "host": "PROXY01",
    "category": "trojan_rat",
    "action": "http_request",
    "user": "SYSTEM",
    "src_ip": "10.0.3.45",
    "dest_ip": "91.108.4.7",
    "url": "http://trojan-loader.net/check?id=108&ver=2.1",
    "user_agent": "Mozilla/4.0 (compatible; MSIE 6.0; Windows NT 5.1)",
    "bytes_out": 489,
    "bytes_in": 275,
    "severity": "critical",
    "ioc_domain": "trojan-loader.net",
    "ioc_ip": "91.108.4.7",
    "malware_family": "AsyncRAT",
    "attack_technique": "T1219 - Remote Access Software",
    "message": "AsyncRAT C2 check-in detected via HTTP"
  },
  {
    "timestamp": "2024-03-01T06:17:09.000+0000",
    "source": "edr",
    "host": "WORKSTATION06",
    "EventCode": 4663,
    "category": "ransomware",
    "action": "file_modified",
    "user": "SYSTEM",
    "process": "svchost.exe",
    "file_path": "C:\\Users\\Public\\document_1685.encrypted",
    "file_hash": "deadbeefcafebabedeadbeefcafebabe",
    "severity": "critical",
    "ioc_hash": "44d88612fea8a8f36de82e1278abb02f",
    "malware_family": "LockBit 3.0",
    "attack_technique": "T1486 - Data Encrypted for Impact",
    "message": "Mass file encryption detected: document_1685.encrypted on WORKSTATION06"
  },
  {
    "timestamp": "2024-03-01T06:17:38.000+0000",
    "source": "edr",
    "host": "WORKSTATION06",
    "EventCode": 4663,
    "category": "ransomware",
    "action": "file_modified",
    "user": "SYSTEM",
    "process": "svchost.exe",
    "file_path": "C:\\Users\\Public\\document_9270.WNCRY",
    "file_hash": "5f4dcc3b5aa765d61d8327deb882cf99",
    "severity": "critical",
    "ioc_hash": "f0e1d2c3b4a5968778695a4b3c2d1e0f",
    "malware_family": "LockBit 3.0",
    "attack_technique": "T1486 - Data Encrypted for Impact",
    "message": "Mass file encryption detected: document_9270.WNCRY on WORKSTATION06"
  },
  {
    "timestamp": "2024-03-01T06:18:16.000+0000",
    "source": "edr",
    "host": "WORKSTATION05",
    "EventCode": 4663,
    "category": "ransomware",
    "action": "file_modified",
    "user": "SYSTEM",
    "process": "svchost.exe",
    "file_path": "C:\\Users\\Public\\document_8119.locked",
    "file_hash": "deadbeefcafebabedeadbeefcafebabe",
    "severity": "critical",
    "ioc_hash": "f0e1d2c3b4a5968778695a4b3c2d1e0f",
    "malware_family": "LockBit 3.0",
    "attack_technique": "T1486 - Data Encrypted for Impact",
    "message": "Mass file encryption detected: document_8119.locked on WORKSTATION05"
  },
  {
    "timestamp": "2024-03-01T06:19:00.000+0000",
    "source": "WinEventLog:Security",
    "host": "WORKSTATION02",
    "EventCode": 4634,
    "category": "normal",
    "action": "logoff",
    "user": "trobinson",
    "src_ip": "10.0.1.36",
    "dest_ip": "10.0.5.29",
    "severity": "low",
    "message": "Normal activity: trobinson authenticated successfully"
  },
  {
    "timestamp": "2024-03-01T06:19:20.000+0000",
    "source": "edr",
    "host": "FILE-SERVER",
    "EventCode": 4663,
    "category": "ransomware",
    "action": "file_modified",
    "user": "SYSTEM",
    "process": "cryptolocker.exe",
    "file_path": "C:\\Users\\Public\\document_5920.locked",
    "file_hash": "deadbeefcafebabedeadbeefcafebabe",
    "severity": "critical",
    "ioc_hash": "f0e1d2c3b4a5968778695a4b3c2d1e0f",
    "malware_family": "LockBit 3.0",
    "attack_technique": "T1486 - Data Encrypted for Impact",
    "message": "Mass file encryption detected: document_5920.locked on FILE-SERVER"
  },
  {
    "timestamp": "2024-03-01T06:19:32.000+0000",
    "source": "edr",
    "host": "WORKSTATION05",
    "EventCode": 4663,
    "category": "ransomware",
    "action": "file_modified",
    "user": "SYSTEM",
    "process": "svchost.exe",
    "file_path": "C:\\Users\\Public\\document_4114.WNCRY",
    "file_hash": "44d88612fea8a8f36de82e1278abb02f",
    "severity": "critical",
    "ioc_hash": "f0e1d2c3b4a5968778695a4b3c2d1e0f",
    "malware_family": "LockBit 3.0",
    "attack_technique": "T1486 - Data Encrypted for Impact",
    "message": "Mass file encryption detected: document_4114.WNCRY on WORKSTATION05"
  },
  {
    "timestamp": "2024-03-01T06:19:47.000+0000",
    "source": "edr",
    "host": "WORKSTATION05",
    "EventCode": 4663,
    "category": "ransomware",
    "action": "file_modified",
    "user": "SYSTEM",
    "process": "explorer.exe",
    "file_path": "C:\\Users\\Public\\document_3662.encrypted",
    "file_hash": "f0e1d2c3b4a5968778695a4b3c2d1e0f",
    "severity": "critical",
    "ioc_hash": "44d88612fea8a8f36de82e1278abb02f",
    "malware_family": "LockBit 3.0",
    "attack_technique": "T1486 - Data Encrypted for Impact",
    "message": "Mass file encryption detected: document_3662.encrypted on WORKSTATION05"
  },
  {
    "timestamp": "2024-03-01T06:19:54.000+0000",
    "source": "edr",
    "host": "WORKSTATION05",
    "EventCode": 4663,
    "category": "ransomware",
    "action": "file_modified",
    "user": "SYSTEM",
    "process": "cryptolocker.exe",
    "file_path": "C:\\Users\\Public\\document_7790.WNCRY",
    "file_hash": "5f4dcc3b5aa765d61d8327deb882cf99",
    "severity": "critical",
    "ioc_hash": "a3b1c4d5e6f7a8b9c0d1e2f3a4b5c6d7",
    "malware_family": "LockBit 3.0",
    "attack_technique": "T1486 - Data Encrypted for Impact",
    "message": "Mass file encryption detected: document_7790.WNCRY on WORKSTATION05"
  },
  {
    "timestamp": "2024-03-01T06:20:27.000+0000",
    "source": "edr",
    "host": "WORKSTATION06",
    "EventCode": 4663,
    "category": "ransomware",
    "action": "file_modified",
    "user": "SYSTEM",
    "process": "svchost.exe",
    "file_path": "C:\\Users\\Public\\document_1058.locked",
    "file_hash": "a3b1c4d5e6f7a8b9c0d1e2f3a4b5c6d7",
    "severity": "critical",
    "ioc_hash": "deadbeefcafebabedeadbeefcafebabe",
    "malware_family": "LockBit 3.0",
    "attack_technique": "T1486 - Data Encrypted for Impact",
    "message": "Mass file encryption detected: document_1058.locked on WORKSTATION06"
  },
  {
    "timestamp": "2024-03-01T06:20:34.000+0000",
    "source": "edr",
    "host": "WORKSTATION05",
    "EventCode": 4663,
    "category": "ransomware",
    "action": "file_modified",
    "user": "SYSTEM",
    "process": "explorer.exe",
    "file_path": "C:\\Users\\Public\\document_4872.locked",
    "file_hash": "f0e1d2c3b4a5968778695a4b3c2d1e0f",
    "severity": "critical",
    "ioc_hash": "f0e1d2c3b4a5968778695a4b3c2d1e0f",
    "malware_family": "LockBit 3.0",
    "attack_technique": "T1486 - Data Encrypted for Impact",
    "message": "Mass file encryption detected: document_4872.locked on WORKSTATION05"
  },
  {
    "timestamp": "2024-03-01T06:21:00.000+0000",
    "source": "WinEventLog:Security",
    "host": "WORKSTATION01",
    "EventCode": 4624,
    "category": "normal",
    "action": "successful_login",
    "user": "swhite",
    "src_ip": "10.0.2.63",
    "dest_ip": "10.0.0.56",
    "severity": "low",
    "message": "Normal activity: swhite authenticated successfully"
  },
  {
    "timestamp": "2024-03-01T06:21:13.000+0000",
    "source": "edr",
    "host": "FILE-SERVER",
    "EventCode": 4663,
    "category": "ransomware",
    "action": "file_modified",
    "user": "SYSTEM",
    "process": "cryptolocker.exe",
    "file_path": "C:\\Users\\Public\\document_3780.WNCRY",
    "file_hash": "44d88612fea8a8f36de82e1278abb02f",
    "severity": "critical",
    "ioc_hash": "deadbeefcafebabedeadbeefcafebabe",
    "malware_family": "LockBit 3.0",
    "attack_technique": "T1486 - Data Encrypted for Impact",
    "message": "Mass file encryption detected: document_3780.WNCRY on FILE-SERVER"
  },
  {
    "timestamp": "2024-03-01T06:21:37.000+0000",
    "source": "edr",
    "host": "FILE-SERVER",
    "EventCode": 4663,
    "category": "ransomware",
    "action": "file_modified",
    "user": "SYSTEM",
    "process": "svchost.exe",
    "file_path": "C:\\Users\\Public\\document_6183.locky",
    "file_hash": "a3b1c4d5e6f7a8b9c0d1e2f3a4b5c6d7",
    "severity": "critical",
    "ioc_hash": "deadbeefcafebabedeadbeefcafebabe",
    "malware_family": "LockBit 3.0",
    "attack_technique": "T1486 - Data Encrypted for Impact",
    "message": "Mass file encryption detected: document_6183.locky on FILE-SERVER"
  },
  {
    "timestamp": "2024-03-01T06:21:40.000+0000",
    "source": "edr",
    "host": "WORKSTATION06",
    "EventCode": 4663,
    "category": "ransomware",
    "action": "file_modified",
    "user": "SYSTEM",
    "process": "svchost.exe",
    "file_path": "C:\\Users\\Public\\document_9004.locky",
    "file_hash": "44d88612fea8a8f36de82e1278abb02f",
    "severity": "critical",
    "ioc_hash": "44d88612fea8a8f36de82e1278abb02f",
    "malware_family": "LockBit 3.0",
    "attack_technique": "T1486 - Data Encrypted for Impact",
    "message": "Mass file encryption detected: document_9004.locky on WORKSTATION06"
  },
  {
    "timestamp": "2024-03-01T06:21:47.000+0000",
    "source": "edr",
    "host": "WORKSTATION05",
    "EventCode": 4663,
    "category": "ransomware",
    "action": "file_modified",
    "user": "SYSTEM",
    "process": "svchost.exe",
    "file_path": "C:\\Users\\Public\\document_5930.locky",
    "file_hash": "5f4dcc3b5aa765d61d8327deb882cf99",
    "severity": "critical",
    "ioc_hash": "44d88612fea8a8f36de82e1278abb02f",
    "malware_family": "LockBit 3.0",
    "attack_technique": "T1486 - Data Encrypted for Impact",
    "message": "Mass file encryption detected: document_5930.locky on WORKSTATION05"
  },
  {
    "timestamp": "2024-03-01T06:21:53.000+0000",
    "source": "edr",
    "host": "FILE-SERVER",
    "EventCode": 4663,
    "category": "ransomware",
    "action": "file_modified",
    "user": "SYSTEM",
    "process": "explorer.exe",
    "file_path": "C:\\Users\\Public\\document_1452.crypted",
    "file_hash": "deadbeefcafebabedeadbeefcafebabe",
    "severity": "critical",
    "ioc_hash": "a3b1c4d5e6f7a8b9c0d1e2f3a4b5c6d7",
    "malware_family": "LockBit 3.0",
    "attack_technique": "T1486 - Data Encrypted for Impact",
    "message": "Mass file encryption detected: document_1452.crypted on FILE-SERVER"
  },
  {
    "timestamp": "2024-03-01T06:22:18.000+0000",
    "source": "edr",
    "host": "WORKSTATION05",
    "EventCode": 4663,
    "category": "ransomware",
    "action": "file_modified",
    "user": "SYSTEM",
    "process": "svchost.exe",
    "file_path": "C:\\Users\\Public\\document_6502.crypted",
    "file_hash": "5f4dcc3b5aa765d61d8327deb882cf99",
    "severity": "critical",
    "ioc_hash": "44d88612fea8a8f36de82e1278abb02f",
    "malware_family": "LockBit 3.0",
    "attack_technique": "T1486 - Data Encrypted for Impact",
    "message": "Mass file encryption detected: document_6502.crypted on WORKSTATION05"
  },
  {
    "timestamp": "2024-03-01T06:22:44.000+0000",
    "source": "edr",
    "host": "WORKSTATION06",
    "EventCode": 4663,
    "category": "ransomware",
    "action": "file_modified",
    "user": "SYSTEM",
    "process": "explorer.exe",
    "file_path": "C:\\Users\\Public\\document_7547.WNCRY",
    "file_hash": "a3b1c4d5e6f7a8b9c0d1e2f3a4b5c6d7",
    "severity": "critical",
    "ioc_hash": "44d88612fea8a8f36de82e1278abb02f",
    "malware_family": "LockBit 3.0",
    "attack_technique": "T1486 - Data Encrypted for Impact",
    "message": "Mass file encryption detected: document_7547.WNCRY on WORKSTATION06"
  },
  {
    "timestamp": "2024-03-01T06:23:20.000+0000",
    "source": "edr",
    "host": "WORKSTATION05",
    "EventCode": 4663,
    "category": "ransomware",
    "action": "file_modified",
    "user": "SYSTEM",
    "process": "cryptolocker.exe",
    "file_path": "C:\\Users\\Public\\document_8811.locked",
    "file_hash": "5f4dcc3b5aa765d61d8327deb882cf99",
    "severity": "critical",
    "ioc_hash": "a3b1c4d5e6f7a8b9c0d1e2f3a4b5c6d7",
    "malware_family": "LockBit 3.0",
    "attack_technique": "T1486 - Data Encrypted for Impact",
    "message": "Mass file encryption detected: document_8811.locked on WORKSTATION05"
  },
  {
    "timestamp": "2024-03-01T06:24:00.000+0000",
    "source": "proxy",
    "host": "PROXY01",
    "category": "trojan_rat",
    "action": "http_request",
    "user": "SYSTEM",
    "src_ip": "10.0.3.45",
    "dest_ip": "91.108.4.7",
    "url": "http://trojan-loader.net/check?id=896&ver=2.1",
    "user_agent": "Mozilla/4.0 (compatible; MSIE 6.0; Windows NT 5.1)",
    "bytes_out": 225,
    "bytes_in": 255,
    "severity": "critical",
    "ioc_domain": "trojan-loader.net",
    "ioc_ip": "91.108.4.7",
    "malware_family": "AsyncRAT",
    "attack_technique": "T1219 - Remote Access Software",
    "message": "AsyncRAT C2 check-in detected via HTTP"
  },
  {
    "timestamp": "2024-03-01T06:24:49.000+0000",
    "source": "edr",
    "host": "FILE-SERVER",
    "EventCode": 4663,
    "category": "ransomware",
    "action": "file_modified",
    "user": "SYSTEM",
    "process": "svchost.exe",
    "file_path": "C:\\Users\\Public\\document_4919.WNCRY",
    "file_hash": "f0e1d2c3b4a5968778695a4b3c2d1e0f",
    "severity": "critical",
    "ioc_hash": "44d88612fea8a8f36de82e1278abb02f",
    "malware_family": "LockBit 3.0",
    "attack_technique": "T1486 - Data Encrypted for Impact",
    "message": "Mass file encryption detected: document_4919.WNCRY on FILE-SERVER"
  },
  {
    "timestamp": "2024-03-01T06:27:00.000+0000",
    "source": "web_server",
    "host": "WEB01",
    "category": "sql_injection",
    "action": "http_request",
    "method": "POST",
    "src_ip": "89.248.167.131",
    "url": "/product.php",
    "status_code": 403,
    "user_agent": "sqlmap/1.7.2#stable (https://sqlmap.org)",
    "payload": "1' AND SLEEP(5)--",
    "severity": "high",
    "ioc_ip": "89.248.167.131",
    "attack_technique": "T1190 - Exploit Public-Facing Application",
    "message": "SQL injection attempt detected from 172.16.5.200"
  },
  {
    "timestamp": "2024-03-01T06:27:46.000+0000",
    "source": "edr",
    "host": "WORKSTATION05",
    "EventCode": 4663,
    "category": "ransomware",
    "action": "file_modified",
    "user": "SYSTEM",
    "process": "svchost.exe",
    "file_path": "C:\\Users\\Public\\document_1993.locked",
    "file_hash": "deadbeefcafebabedeadbeefcafebabe",
    "severity": "critical",
    "ioc_hash": "44d88612fea8a8f36de82e1278abb02f",
    "malware_family": "LockBit 3.0",
    "attack_technique": "T1486 - Data Encrypted for Impact",
    "message": "Mass file encryption detected: document_1993.locked on WORKSTATION05"
  },
  {
    "timestamp": "2024-03-01T06:28:10.000+0000",
    "source": "edr",
    "host": "FILE-SERVER",
    "EventCode": 4663,
    "category": "ransomware",
    "action": "file_modified",
    "user": "SYSTEM",
    "process": "svchost.exe",
    "file_path": "C:\\Users\\Public\\document_8373.WNCRY",
    "file_hash": "a3b1c4d5e6f7a8b9c0d1e2f3a4b5c6d7",
    "severity": "critical",
    "ioc_hash": "deadbeefcafebabedeadbeefcafebabe",
    "malware_family": "LockBit 3.0",
    "attack_technique": "T1486 - Data Encrypted for Impact",
    "message": "Mass file encryption detected: document_8373.WNCRY on FILE-SERVER"
  },
  {
    "timestamp": "2024-03-01T06:28:22.000+0000",
    "source": "edr",
    "host": "WORKSTATION05",
    "EventCode": 4663,
    "category": "ransomware",
    "action": "file_modified",
    "user": "SYSTEM",
    "process": "svchost.exe",
    "file_path": "C:\\Users\\Public\\document_2684.encrypted",
    "file_hash": "5f4dcc3b5aa765d61d8327deb882cf99",
    "severity": "critical",
    "ioc_hash": "f0e1d2c3b4a5968778695a4b3c2d1e0f",
    "malware_family": "LockBit 3.0",
    "attack_technique": "T1486 - Data Encrypted for Impact",
    "message": "Mass file encryption detected: document_2684.encrypted on WORKSTATION05"
  },
  {
    "timestamp": "2024-03-01T06:28:48.000+0000",
    "source": "edr",
    "host": "WORKSTATION05",
    "EventCode": 4663,
    "category": "ransomware",
    "action": "file_modified",
    "user": "SYSTEM",
    "process": "explorer.exe",
    "file_path": "C:\\Users\\Public\\document_4585.WNCRY",
    "file_hash": "5f4dcc3b5aa765d61d8327deb882cf99",
    "severity": "critical",
    "ioc_hash": "f0e1d2c3b4a5968778695a4b3c2d1e0f",
    "malware_family": "LockBit 3.0",
    "attack_technique": "T1486 - Data Encrypted for Impact",
    "message": "Mass file encryption detected: document_4585.WNCRY on WORKSTATION05"
  },
  {
    "timestamp": "2024-03-01T06:29:42.000+0000",
    "source": "edr",
    "host": "WORKSTATION05",
    "EventCode": 4663,
    "category": "ransomware",
    "action": "file_modified",
    "user": "SYSTEM",
    "process": "explorer.exe",
    "file_path": "C:\\Users\\Public\\document_5333.encrypted",
    "file_hash": "44d88612fea8a8f36de82e1278abb02f",
    "severity": "critical",
    "ioc_hash": "5f4dcc3b5aa765d61d8327deb882cf99",
    "malware_family": "LockBit 3.0",
    "attack_technique": "T1486 - Data Encrypted for Impact",
    "message": "Mass file encryption detected: document_5333.encrypted on WORKSTATION05"
  },
  {
    "timestamp": "2024-03-01T06:31:00.000+0000",
    "source": "proxy",
    "host": "PROXY01",
    "category": "trojan_rat",
    "action": "http_request",
    "user": "SYSTEM",
    "src_ip": "10.0.3.45",
    "dest_ip": "91.108.4.7",
    "url": "http://trojan-loader.net/check?id=863&ver=2.1",
    "user_agent": "Mozilla/4.0 (compatible; MSIE 6.0; Windows NT 5.1)",
    "bytes_out": 454,
    "bytes_in": 173,
    "severity": "critical",
    "ioc_domain": "trojan-loader.net",
    "ioc_ip": "91.108.4.7",
    "malware_family": "AsyncRAT",
    "attack_technique": "T1219 - Remote Access Software",
    "message": "AsyncRAT C2 check-in detected via HTTP"
  },
  {
    "timestamp": "2024-03-01T06:37:00.000+0000",
    "source": "WinEventLog:Security",
    "host": "WORKSTATION02",
    "EventCode": 4624,
    "category": "normal",
    "action": "network_access",
    "user": "trobinson",
    "src_ip": "10.0.5.29",
    "dest_ip": "10.0.0.8",
    "severity": "low",
    "message": "Normal activity: trobinson authenticated successfully"
  },
  {
    "timestamp": "2024-03-01T06:38:00.000+0000",
    "source": "proxy",
    "host": "PROXY01",
    "category": "trojan_rat",
    "action": "http_request",
    "user": "SYSTEM",
    "src_ip": "10.0.3.45",
    "dest_ip": "91.108.4.7",
    "url": "http://trojan-loader.net/check?id=894&ver=2.1",
    "user_agent": "Mozilla/4.0 (compatible; MSIE 6.0; Windows NT 5.1)",
    "bytes_out": 317,
    "bytes_in": 255,
    "severity": "critical",
    "ioc_domain": "trojan-loader.net",
    "ioc_ip": "91.108.4.7",
    "malware_family": "AsyncRAT",
    "attack_technique": "T1219 - Remote Access Software",
    "message": "AsyncRAT C2 check-in detected via HTTP"
  },
  {
    "timestamp": "2024-03-01T06:45:00.000+0000",
    "source": "proxy",
    "host": "PROXY01",
    "category": "trojan_rat",
    "action": "http_request",
    "user": "SYSTEM",
    "src_ip": "10.0.3.45",
    "dest_ip": "91.108.4.7",
    "url": "http://trojan-loader.net/check?id=921&ver=2.1",
    "user_agent": "Mozilla/4.0 (compatible; MSIE 6.0; Windows NT 5.1)",
    "bytes_out": 380,
    "bytes_in": 156,
    "severity": "critical",
    "ioc_domain": "trojan-loader.net",
    "ioc_ip": "91.108.4.7",
    "malware_family": "AsyncRAT",
    "attack_technique": "T1219 - Remote Access Software",
    "message": "AsyncRAT C2 check-in detected via HTTP"
  },
  {
    "timestamp": "2024-03-01T06:52:00.000+0000",
    "source": "proxy",
    "host": "PROXY01",
    "category": "trojan_rat",
    "action": "http_request",
    "user": "SYSTEM",
    "src_ip": "10.0.3.45",
    "dest_ip": "91.108.4.7",
    "url": "http://trojan-loader.net/check?id=751&ver=2.1",
    "user_agent": "Mozilla/4.0 (compatible; MSIE 6.0; Windows NT 5.1)",
    "bytes_out": 297,
    "bytes_in": 258,
    "severity": "critical",
    "ioc_domain": "trojan-loader.net",
    "ioc_ip": "91.108.4.7",
    "malware_family": "AsyncRAT",
    "attack_technique": "T1219 - Remote Access Software",
    "message": "AsyncRAT C2 check-in detected via HTTP"
  },
  {
    "timestamp": "2024-03-01T06:59:00.000+0000",
    "source": "proxy",
    "host": "PROXY01",
    "category": "trojan_rat",
    "action": "http_request",
    "user": "SYSTEM",
    "src_ip": "10.0.3.45",
    "dest_ip": "91.108.4.7",
    "url": "http://trojan-loader.net/check?id=356&ver=2.1",
    "user_agent": "Mozilla/4.0 (compatible; MSIE 6.0; Windows NT 5.1)",
    "bytes_out": 270,
    "bytes_in": 260,
    "severity": "critical",
    "ioc_domain": "trojan-loader.net",
    "ioc_ip": "91.108.4.7",
    "malware_family": "AsyncRAT",
    "attack_technique": "T1219 - Remote Access Software",
    "message": "AsyncRAT C2 check-in detected via HTTP"
  },
  {
    "timestamp": "2024-03-01T07:00:00.000+0000",
    "source": "WinEventLog:Security",
    "host": "DC01",
    "EventCode": 4728,
    "category": "privilege_escalation",
    "action": "user_account_created",
    "user": "jsmith",
    "target_user": "support_613",
    "target_group": "Domain Admins",
    "src_ip": "10.0.2.15",
    "dest_host": "DC01",
    "severity": "high",
    "attack_technique": "T1136.001 - Local Account Creation",
    "message": "New privileged account support_613 created by compromised user jsmith"
  },
  {
    "timestamp": "2024-03-01T07:06:00.000+0000",
    "source": "proxy",
    "host": "PROXY01",
    "category": "trojan_rat",
    "action": "http_request",
    "user": "SYSTEM",
    "src_ip": "10.0.3.45",
    "dest_ip": "91.108.4.7",
    "url": "http://trojan-loader.net/check?id=199&ver=2.1",
    "user_agent": "Mozilla/4.0 (compatible; MSIE 6.0; Windows NT 5.1)",
    "bytes_out": 220,
    "bytes_in": 179,
    "severity": "critical",
    "ioc_domain": "trojan-loader.net",
    "ioc_ip": "91.108.4.7",
    "malware_family": "AsyncRAT",
    "attack_technique": "T1219 - Remote Access Software",
    "message": "AsyncRAT C2 check-in detected via HTTP"
  },
  {
    "timestamp": "2024-03-01T07:06:00.000+0000",
    "source": "WinEventLog:System",
    "host": "WORKSTATION01",
    "EventCode": 4624,
    "category": "normal",
    "action": "network_access",
    "user": "mwilson",
    "src_ip": "10.0.5.27",
    "dest_ip": "10.0.2.63",
    "severity": "low",
    "message": "Normal activity: mwilson authenticated successfully"
  },
  {
    "timestamp": "2024-03-01T07:13:00.000+0000",
    "source": "proxy",
    "host": "PROXY01",
    "category": "trojan_rat",
    "action": "http_request",
    "user": "SYSTEM",
    "src_ip": "10.0.3.45",
    "dest_ip": "91.108.4.7",
    "url": "http://trojan-loader.net/check?id=907&ver=2.1",
    "user_agent": "Mozilla/4.0 (compatible; MSIE 6.0; Windows NT 5.1)",
    "bytes_out": 425,
    "bytes_in": 108,
    "severity": "critical",
    "ioc_domain": "trojan-loader.net",
    "ioc_ip": "91.108.4.7",
    "malware_family": "AsyncRAT",
    "attack_technique": "T1219 - Remote Access Software",
    "message": "AsyncRAT C2 check-in detected via HTTP"
  },
  {
    "timestamp": "2024-03-01T07:20:00.000+0000",
    "source": "proxy",
    "host": "PROXY01",
    "category": "trojan_rat",
    "action": "http_request",
    "user": "SYSTEM",
    "src_ip": "10.0.3.45",
    "dest_ip": "91.108.4.7",
    "url": "http://trojan-loader.net/check?id=693&ver=2.1",
    "user_agent": "Mozilla/4.0 (compatible; MSIE 6.0; Windows NT 5.1)",
    "bytes_out": 386,
    "bytes_in": 287,
    "severity": "critical",
    "ioc_domain": "trojan-loader.net",
    "ioc_ip": "91.108.4.7",
    "malware_family": "AsyncRAT",
    "attack_technique": "T1219 - Remote Access Software",
    "message": "AsyncRAT C2 check-in detected via HTTP"
  },
  {
    "timestamp": "2024-03-01T07:20:00.000+0000",
    "source": "WinEventLog:Security",
    "host": "DC01",
    "EventCode": 4728,
    "category": "privilege_escalation",
    "action": "user_added_to_group",
    "user": "jsmith",
    "target_user": "support_944",
    "target_group": "Remote Desktop Users",
    "src_ip": "10.0.2.15",
    "dest_host": "DC01",
    "severity": "high",
    "attack_technique": "T1136.001 - Local Account Creation",
    "message": "New privileged account support_944 created by compromised user jsmith"
  },
  {
    "timestamp": "2024-03-01T07:27:00.000+0000",
    "source": "proxy",
    "host": "PROXY01",
    "category": "trojan_rat",
    "action": "http_request",
    "user": "SYSTEM",
    "src_ip": "10.0.3.45",
    "dest_ip": "91.108.4.7",
    "url": "http://trojan-loader.net/check?id=234&ver=2.1",
    "user_agent": "Mozilla/4.0 (compatible; MSIE 6.0; Windows NT 5.1)",
    "bytes_out": 246,
    "bytes_in": 175,
    "severity": "critical",
    "ioc_domain": "trojan-loader.net",
    "ioc_ip": "91.108.4.7",
    "malware_family": "AsyncRAT",
    "attack_technique": "T1219 - Remote Access Software",
    "message": "AsyncRAT C2 check-in detected via HTTP"
  },
  {
    "timestamp": "2024-03-01T07:34:00.000+0000",
    "source": "proxy",
    "host": "PROXY01",
    "category": "trojan_rat",
    "action": "http_request",
    "user": "SYSTEM",
    "src_ip": "10.0.3.45",
    "dest_ip": "91.108.4.7",
    "url": "http://trojan-loader.net/check?id=434&ver=2.1",
    "user_agent": "Mozilla/4.0 (compatible; MSIE 6.0; Windows NT 5.1)",
    "bytes_out": 412,
    "bytes_in": 144,
    "severity": "critical",
    "ioc_domain": "trojan-loader.net",
    "ioc_ip": "91.108.4.7",
    "malware_family": "AsyncRAT",
    "attack_technique": "T1219 - Remote Access Software",
    "message": "AsyncRAT C2 check-in detected via HTTP"
  },
  {
    "timestamp": "2024-03-01T07:40:00.000+0000",
    "source": "WinEventLog:Security",
    "host": "DC01",
    "EventCode": 4728,
    "category": "privilege_escalation",
    "action": "user_account_created",
    "user": "jsmith",
    "target_user": "support_991",
    "target_group": "Domain Admins",
    "src_ip": "10.0.2.15",
    "dest_host": "DC01",
    "severity": "high",
    "attack_technique": "T1136.001 - Local Account Creation",
    "message": "New privileged account support_991 created by compromised user jsmith"
  },
  {
    "timestamp": "2024-03-01T07:41:00.000+0000",
    "source": "proxy",
    "host": "PROXY01",
    "category": "trojan_rat",
    "action": "http_request",
    "user": "SYSTEM",
    "src_ip": "10.0.3.45",
    "dest_ip": "91.108.4.7",
    "url": "http://trojan-loader.net/check?id=305&ver=2.1",
    "user_agent": "Mozilla/4.0 (compatible; MSIE 6.0; Windows NT 5.1)",
    "bytes_out": 267,
    "bytes_in": 238,
    "severity": "critical",
    "ioc_domain": "trojan-loader.net",
    "ioc_ip": "91.108.4.7",
    "malware_family": "AsyncRAT",
    "attack_technique": "T1219 - Remote Access Software",
    "message": "AsyncRAT C2 check-in detected via HTTP"
  },
  {
    "timestamp": "2024-03-01T07:45:00.000+0000",
    "source": "WinEventLog:System",
    "host": "WORKSTATION03",
    "EventCode": 4648,
    "category": "normal",
    "action": "network_access",
    "user": "swhite",
    "src_ip": "10.0.5.190",
    "dest_ip": "10.0.4.7",
    "severity": "low",
    "message": "Normal activity: swhite authenticated successfully"
  },
  {
    "timestamp": "2024-03-01T07:48:00.000+0000",
    "source": "proxy",
    "host": "PROXY01",
    "category": "trojan_rat",
    "action": "http_request",
    "user": "SYSTEM",
    "src_ip": "10.0.3.45",
    "dest_ip": "91.108.4.7",
    "url": "http://trojan-loader.net/check?id=997&ver=2.1",
    "user_agent": "Mozilla/4.0 (compatible; MSIE 6.0; Windows NT 5.1)",
    "bytes_out": 387,
    "bytes_in": 235,
    "severity": "critical",
    "ioc_domain": "trojan-loader.net",
    "ioc_ip": "91.108.4.7",
    "malware_family": "AsyncRAT",
    "attack_technique": "T1219 - Remote Access Software",
    "message": "AsyncRAT C2 check-in detected via HTTP"
  },
  {
    "timestamp": "2024-03-01T08:00:00.000+0000",
    "source": "firewall",
    "host": "FW01",
    "category": "data_exfiltration",
    "action": "allowed",
    "protocol": "HTTPS",
    "src_ip": "10.0.2.15",
    "src_port": 57142,
    "dest_ip": "185.56.80.65",
    "dest_port": 443,
    "bytes_out": 292022481,
    "bytes_in": 4073,
    "severity": "critical",
    "ioc_ip": "185.56.80.65",
    "attack_technique": "T1048 - Exfiltration Over Alternative Protocol",
    "message": "Large outbound transfer (292022481 bytes) to suspicious IP 185.56.80.65"
  },
  {
    "timestamp": "2024-03-01T08:00:00.000+0000",
    "source": "WinEventLog:Security",
    "host": "DC01",
    "EventCode": 4720,
    "category": "privilege_escalation",
    "action": "user_account_created",
    "user": "jsmith",
    "target_user": "support_177",
    "target_group": "Remote Desktop Users",
    "src_ip": "10.0.2.15",
    "dest_host": "DC01",
    "severity": "high",
    "attack_technique": "T1136.001 - Local Account Creation",
    "message": "New privileged account support_177 created by compromised user jsmith"
  },
  {
    "timestamp": "2024-03-01T08:02:00.000+0000",
    "source": "WinEventLog:Security",
    "host": "WORKSTATION02",
    "EventCode": 4634,
    "category": "normal",
    "action": "successful_login",
    "user": "bmorris",
    "src_ip": "10.0.4.7",
    "dest_ip": "10.0.1.36",
    "severity": "low",
    "message": "Normal activity: bmorris authenticated successfully"
  },
  {
    "timestamp": "2024-03-01T08:10:00.000+0000",
    "source": "firewall",
    "host": "FW01",
    "category": "data_exfiltration",
    "action": "allowed",
    "protocol": "HTTPS",
    "src_ip": "10.0.2.15",
    "src_port": 61570,
    "dest_ip": "185.56.80.65",
    "dest_port": 443,
    "bytes_out": 299488458,
    "bytes_in": 2377,
    "severity": "critical",
    "ioc_ip": "185.56.80.65",
    "attack_technique": "T1048 - Exfiltration Over Alternative Protocol",
    "message": "Large outbound transfer (299488458 bytes) to suspicious IP 185.56.80.65"
  },
  {
    "timestamp": "2024-03-01T08:20:00.000+0000",
    "source": "firewall",
    "host": "FW01",
    "category": "data_exfiltration",
    "action": "allowed",
    "protocol": "HTTPS",
    "src_ip": "10.0.2.15",
    "src_port": 65349,
    "dest_ip": "185.56.80.65",
    "dest_port": 443,
    "bytes_out": 65408192,
    "bytes_in": 4485,
    "severity": "critical",
    "ioc_ip": "185.56.80.65",
    "attack_technique": "T1048 - Exfiltration Over Alternative Protocol",
    "message": "Large outbound transfer (65408192 bytes) to suspicious IP 185.56.80.65"
  },
  {
    "timestamp": "2024-03-01T08:20:00.000+0000",
    "source": "WinEventLog:Security",
    "host": "DC01",
    "EventCode": 4732,
    "category": "privilege_escalation",
    "action": "user_added_to_group",
    "user": "jsmith",
    "target_user": "support_841",
    "target_group": "Remote Desktop Users",
    "src_ip": "10.0.2.15",
    "dest_host": "DC01",
    "severity": "high",
    "attack_technique": "T1136.001 - Local Account Creation",
    "message": "New privileged account support_841 created by compromised user jsmith"
  },
  {
    "timestamp": "2024-03-01T08:28:00.000+0000",
    "source": "WinEventLog:Security",
    "host": "WORKSTATION02",
    "EventCode": 4624,
    "category": "normal",
    "action": "successful_login",
    "user": "rjohnson",
    "src_ip": "10.0.5.140",
    "dest_ip": "10.0.4.7",
    "severity": "low",
    "message": "Normal activity: rjohnson authenticated successfully"
  },
  {
    "timestamp": "2024-03-01T08:30:00.000+0000",
    "source": "firewall",
    "host": "FW01",
    "category": "data_exfiltration",
    "action": "allowed",
    "protocol": "HTTPS",
    "src_ip": "10.0.2.15",
    "src_port": 55110,
    "dest_ip": "185.56.80.65",
    "dest_port": 443,
    "bytes_out": 224490652,
    "bytes_in": 2997,
    "severity": "critical",
    "ioc_ip": "185.56.80.65",
    "attack_technique": "T1048 - Exfiltration Over Alternative Protocol",
    "message": "Large outbound transfer (224490652 bytes) to suspicious IP 185.56.80.65"
  },
  {
    "timestamp": "2024-03-01T08:34:00.000+0000",
    "source": "WinEventLog:System",
    "host": "WORKSTATION02",
    "EventCode": 4648,
    "category": "normal",
    "action": "network_access",
    "user": "adavis",
    "src_ip": "10.0.0.8",
    "dest_ip": "10.0.0.195",
    "severity": "low",
    "message": "Normal activity: adavis authenticated successfully"
  },
