  {
    "timestamp": "2024-03-01T04:08:05.000+0000",
    "source": "dns",
    "host": "DNS01",
    "category": "c2_beaconing",
    "action": "dns_query",
    "user": "SYSTEM",
    "src_ip": "10.0.2.22",
    "query": "evil-c2.ru",
    "record_type": "A",
    "response_ip": "185.220.101.45",
    "severity": "critical",
    "ioc_domain": "evil-c2.ru",
    "ioc_ip": "185.220.101.45",
    "malware_family": "Cobalt Strike",
    "attack_technique": "T1071.004 - DNS C2",
    "message": "Regular DNS beacon to evil-c2.ru (Cobalt Strike C2)"
  },
  {
    "timestamp": "2024-03-01T04:10:06.000+0000",
    "source": "dns",
    "host": "DNS01",
    "category": "c2_beaconing",
    "action": "dns_query",
    "user": "SYSTEM",
    "src_ip": "10.0.2.22",
    "query": "evil-c2.ru",
    "record_type": "A",
    "response_ip": "185.220.101.45",
    "severity": "critical",
    "ioc_domain": "evil-c2.ru",
    "ioc_ip": "185.220.101.45",
    "malware_family": "Cobalt Strike",
    "attack_technique": "T1071.004 - DNS C2",
    "message": "Regular DNS beacon to evil-c2.ru (Cobalt Strike C2)"
  },
  {
    "timestamp": "2024-03-01T04:12:08.000+0000",
    "source": "dns",
    "host": "DNS01",
    "category": "c2_beaconing",
    "action": "dns_query",
    "user": "SYSTEM",
    "src_ip": "10.0.2.15",
    "query": "evil-c2.ru",
    "record_type": "A",
    "response_ip": "185.220.101.45",
    "severity": "critical",
    "ioc_domain": "evil-c2.ru",
    "ioc_ip": "185.220.101.45",
    "malware_family": "Cobalt Strike",
    "attack_technique": "T1071.004 - DNS C2",
    "message": "Regular DNS beacon to evil-c2.ru (Cobalt Strike C2)"
  },
  {
    "timestamp": "2024-03-01T04:14:07.000+0000",
    "source": "dns",
    "host": "DNS01",
    "category": "c2_beaconing",
    "action": "dns_query",
    "user": "SYSTEM",
    "src_ip": "10.0.2.15",
    "query": "evil-c2.ru",
    "record_type": "A",
    "response_ip": "185.220.101.45",
    "severity": "critical",
    "ioc_domain": "evil-c2.ru",
    "ioc_ip": "185.220.101.45",
    "malware_family": "Cobalt Strike",
    "attack_technique": "T1071.004 - DNS C2",
    "message": "Regular DNS beacon to evil-c2.ru (Cobalt Strike C2)"
  },
  {
    "timestamp": "2024-03-01T04:16:04.000+0000",
    "source": "dns",
    "host": "DNS01",
    "category": "c2_beaconing",
    "action": "dns_query",
    "user": "SYSTEM",
    "src_ip": "10.0.2.22",
    "query": "evil-c2.ru",
    "record_type": "A",
    "response_ip": "185.220.101.45",
    "severity": "critical",
    "ioc_domain": "evil-c2.ru",
    "ioc_ip": "185.220.101.45",
    "malware_family": "Cobalt Strike",
    "attack_technique": "T1071.004 - DNS C2",
    "message": "Regular DNS beacon to evil-c2.ru (Cobalt Strike C2)"
  },
  {
    "timestamp": "2024-03-01T04:18:07.000+0000",
    "source": "dns",
    "host": "DNS01",
    "category": "c2_beaconing",
    "action": "dns_query",
    "user": "SYSTEM",
    "src_ip": "10.0.2.15",
    "query": "evil-c2.ru",
    "record_type": "A",
    "response_ip": "185.220.101.45",
    "severity": "critical",
    "ioc_domain": "evil-c2.ru",
    "ioc_ip": "185.220.101.45",
    "malware_family": "Cobalt Strike",
    "attack_technique": "T1071.004 - DNS C2",
    "message": "Regular DNS beacon to evil-c2.ru (Cobalt Strike C2)"
  },
  {
    "timestamp": "2024-03-01T04:20:06.000+0000",
    "source": "dns",
    "host": "DNS01",
    "category": "c2_beaconing",
    "action": "dns_query",
    "user": "SYSTEM",
    "src_ip": "10.0.2.22",
    "query": "evil-c2.ru",
    "record_type": "A",
    "response_ip": "185.220.101.45",
    "severity": "critical",
    "ioc_domain": "evil-c2.ru",
    "ioc_ip": "185.220.101.45",
    "malware_family": "Cobalt Strike",
    "attack_technique": "T1071.004 - DNS C2",
    "message": "Regular DNS beacon to evil-c2.ru (Cobalt Strike C2)"
  },
  {
    "timestamp": "2024-03-01T04:22:10.000+0000",
    "source": "dns",
    "host": "DNS01",
    "category": "c2_beaconing",
    "action": "dns_query",
    "user": "SYSTEM",
    "src_ip": "10.0.2.22",
    "query": "evil-c2.ru",
    "record_type": "A",
    "response_ip": "185.220.101.45",
    "severity": "critical",
    "ioc_domain": "evil-c2.ru",
    "ioc_ip": "185.220.101.45",
    "malware_family": "Cobalt Strike",
    "attack_technique": "T1071.004 - DNS C2",
    "message": "Regular DNS beacon to evil-c2.ru (Cobalt Strike C2)"
  },
  {
    "timestamp": "2024-03-01T04:24:02.000+0000",
    "source": "dns",
    "host": "DNS01",
    "category": "c2_beaconing",
    "action": "dns_query",
    "user": "SYSTEM",
    "src_ip": "10.0.2.22",
    "query": "evil-c2.ru",
    "record_type": "A",
    "response_ip": "185.220.101.45",
    "severity": "critical",
    "ioc_domain": "evil-c2.ru",
    "ioc_ip": "185.220.101.45",
    "malware_family": "Cobalt Strike",
    "attack_technique": "T1071.004 - DNS C2",
    "message": "Regular DNS beacon to evil-c2.ru (Cobalt Strike C2)"
  },
  {
    "timestamp": "2024-03-01T04:26:02.000+0000",
    "source": "dns",
    "host": "DNS01",
    "category": "c2_beaconing",
    "action": "dns_query",
    "user": "SYSTEM",
    "src_ip": "10.0.2.15",
    "query": "evil-c2.ru",
    "record_type": "A",
    "response_ip": "185.220.101.45",
    "severity": "critical",
    "ioc_domain": "evil-c2.ru",
    "ioc_ip": "185.220.101.45",
    "malware_family": "Cobalt Strike",
    "attack_technique": "T1071.004 - DNS C2",
    "message": "Regular DNS beacon to evil-c2.ru (Cobalt Strike C2)"
  },
  {
    "timestamp": "2024-03-01T04:28:06.000+0000",
    "source": "dns",
    "host": "DNS01",
    "category": "c2_beaconing",
    "action": "dns_query",
    "user": "SYSTEM",
    "src_ip": "10.0.2.15",
    "query": "evil-c2.ru",
    "record_type": "A",
    "response_ip": "185.220.101.45",
    "severity": "critical",
    "ioc_domain": "evil-c2.ru",
    "ioc_ip": "185.220.101.45",
    "malware_family": "Cobalt Strike",
    "attack_technique": "T1071.004 - DNS C2",
    "message": "Regular DNS beacon to evil-c2.ru (Cobalt Strike C2)"
  },
  {
    "timestamp": "2024-03-01T04:30:01.000+0000",
    "source": "dns",
    "host": "DNS01",
    "category": "c2_beaconing",
    "action": "dns_query",
    "user": "SYSTEM",
    "src_ip": "10.0.2.22",
    "query": "evil-c2.ru",
    "record_type": "A",
    "response_ip": "185.220.101.45",
    "severity": "critical",
    "ioc_domain": "evil-c2.ru",
    "ioc_ip": "185.220.101.45",
    "malware_family": "Cobalt Strike",
    "attack_technique": "T1071.004 - DNS C2",
    "message": "Regular DNS beacon to evil-c2.ru (Cobalt Strike C2)"
  },
  {
    "timestamp": "2024-03-01T04:32:02.000+0000",
    "source": "dns",
    "host": "DNS01",
    "category": "c2_beaconing",
    "action": "dns_query",
    "user": "SYSTEM",
    "src_ip": "10.0.2.22",
    "query": "evil-c2.ru",
    "record_type": "A",
    "response_ip": "185.220.101.45",
    "severity": "critical",
    "ioc_domain": "evil-c2.ru",
    "ioc_ip": "185.220.101.45",
    "malware_family": "Cobalt Strike",
    "attack_technique": "T1071.004 - DNS C2",
    "message": "Regular DNS beacon to evil-c2.ru (Cobalt Strike C2)"
  },
  {
    "timestamp": "2024-03-01T04:34:02.000+0000",
    "source": "dns",
    "host": "DNS01",
    "category": "c2_beaconing",
    "action": "dns_query",
    "user": "SYSTEM",
    "src_ip": "10.0.2.15",
    "query": "evil-c2.ru",
    "record_type": "A",
    "response_ip": "185.220.101.45",
    "severity": "critical",
    "ioc_domain": "evil-c2.ru",
    "ioc_ip": "185.220.101.45",
    "malware_family": "Cobalt Strike",
    "attack_technique": "T1071.004 - DNS C2",
    "message": "Regular DNS beacon to evil-c2.ru (Cobalt Strike C2)"
  },
  {
    "timestamp": "2024-03-01T04:36:04.000+0000",
    "source": "dns",
    "host": "DNS01",
    "category": "c2_beaconing",
    "action": "dns_query",
    "user": "SYSTEM",
    "src_ip": "10.0.2.22",
    "query": "evil-c2.ru",
    "record_type": "A",
    "response_ip": "185.220.101.45",
    "severity": "critical",
    "ioc_domain": "evil-c2.ru",
    "ioc_ip": "185.220.101.45",
    "malware_family": "Cobalt Strike",
    "attack_technique": "T1071.004 - DNS C2",
    "message": "Regular DNS beacon to evil-c2.ru (Cobalt Strike C2)"
  },
  {
    "timestamp": "2024-03-01T04:38:00.000+0000",
    "source": "WinEventLog:Security",
    "host": "WORKSTATION01",
    "EventCode": 4624,
    "category": "normal",
    "action": "network_access",
    "user": "kpatel",
    "src_ip": "10.0.1.179",
    "dest_ip": "10.0.5.190",
    "severity": "low",
    "message": "Normal activity: kpatel authenticated successfully"
  },
  {
    "timestamp": "2024-03-01T04:38:05.000+0000",
    "source": "dns",
    "host": "DNS01",
    "category": "c2_beaconing",
    "action": "dns_query",
    "user": "SYSTEM",
    "src_ip": "10.0.2.15",
    "query": "evil-c2.ru",
    "record_type": "A",
    "response_ip": "185.220.101.45",
    "severity": "critical",
    "ioc_domain": "evil-c2.ru",
    "ioc_ip": "185.220.101.45",
    "malware_family": "Cobalt Strike",
    "attack_technique": "T1071.004 - DNS C2",
    "message": "Regular DNS beacon to evil-c2.ru (Cobalt Strike C2)"
  },
  {
    "timestamp": "2024-03-01T04:40:07.000+0000",
    "source": "dns",
    "host": "DNS01",
    "category": "c2_beaconing",
    "action": "dns_query",
    "user": "SYSTEM",
    "src_ip": "10.0.2.22",
    "query": "evil-c2.ru",
    "record_type": "A",
    "response_ip": "185.220.101.45",
    "severity": "critical",
    "ioc_domain": "evil-c2.ru",
    "ioc_ip": "185.220.101.45",
    "malware_family": "Cobalt Strike",
    "attack_technique": "T1071.004 - DNS C2",
    "message": "Regular DNS beacon to evil-c2.ru (Cobalt Strike C2)"
  },
  {
    "timestamp": "2024-03-01T04:42:05.000+0000",
    "source": "dns",
    "host": "DNS01",
    "category": "c2_beaconing",
    "action": "dns_query",
    "user": "SYSTEM",
    "src_ip": "10.0.2.22",
    "query": "evil-c2.ru",
    "record_type": "A",
    "response_ip": "185.220.101.45",
    "severity": "critical",
    "ioc_domain": "evil-c2.ru",
    "ioc_ip": "185.220.101.45",
    "malware_family": "Cobalt Strike",
    "attack_technique": "T1071.004 - DNS C2",
    "message": "Regular DNS beacon to evil-c2.ru (Cobalt Strike C2)"
  },
  {
    "timestamp": "2024-03-01T04:44:04.000+0000",
    "source": "dns",
    "host": "DNS01",
    "category": "c2_beaconing",
    "action": "dns_query",
    "user": "SYSTEM",
    "src_ip": "10.0.2.22",
    "query": "evil-c2.ru",
    "record_type": "A",
    "response_ip": "185.220.101.45",
    "severity": "critical",
    "ioc_domain": "evil-c2.ru",
    "ioc_ip": "185.220.101.45",
    "malware_family": "Cobalt Strike",
    "attack_technique": "T1071.004 - DNS C2",
    "message": "Regular DNS beacon to evil-c2.ru (Cobalt Strike C2)"
  },
  {
    "timestamp": "2024-03-01T04:46:04.000+0000",
    "source": "dns",
    "host": "DNS01",
    "category": "c2_beaconing",
    "action": "dns_query",
    "user": "SYSTEM",
    "src_ip": "10.0.2.15",
    "query": "evil-c2.ru",
    "record_type": "A",
    "response_ip": "185.220.101.45",
    "severity": "critical",
    "ioc_domain": "evil-c2.ru",
    "ioc_ip": "185.220.101.45",
    "malware_family": "Cobalt Strike",
    "attack_technique": "T1071.004 - DNS C2",
    "message": "Regular DNS beacon to evil-c2.ru (Cobalt Strike C2)"
  },
  {
    "timestamp": "2024-03-01T04:47:00.000+0000",
    "source": "proxy",
    "host": "WORKSTATION01",
    "EventCode": 4648,
    "category": "normal",
    "action": "successful_login",
    "user": "kpatel",
    "src_ip": "10.0.3.57",
    "dest_ip": "10.0.5.140",
    "severity": "low",
    "message": "Normal activity: kpatel authenticated successfully"
  },
  {
    "timestamp": "2024-03-01T04:48:07.000+0000",
    "source": "dns",
    "host": "DNS01",
    "category": "c2_beaconing",
    "action": "dns_query",
    "user": "SYSTEM",
    "src_ip": "10.0.2.15",
    "query": "evil-c2.ru",
    "record_type": "A",
    "response_ip": "185.220.101.45",
    "severity": "critical",
    "ioc_domain": "evil-c2.ru",
    "ioc_ip": "185.220.101.45",
    "malware_family": "Cobalt Strike",
    "attack_technique": "T1071.004 - DNS C2",
    "message": "Regular DNS beacon to evil-c2.ru (Cobalt Strike C2)"
  },
  {
    "timestamp": "2024-03-01T04:50:08.000+0000",
    "source": "dns",
    "host": "DNS01",
    "category": "c2_beaconing",
    "action": "dns_query",
    "user": "SYSTEM",
    "src_ip": "10.0.2.15",
    "query": "evil-c2.ru",
    "record_type": "A",
    "response_ip": "185.220.101.45",
    "severity": "critical",
    "ioc_domain": "evil-c2.ru",
    "ioc_ip": "185.220.101.45",
    "malware_family": "Cobalt Strike",
    "attack_technique": "T1071.004 - DNS C2",
    "message": "Regular DNS beacon to evil-c2.ru (Cobalt Strike C2)"
  },
  {
    "timestamp": "2024-03-01T04:52:05.000+0000",
    "source": "dns",
    "host": "DNS01",
    "category": "c2_beaconing",
    "action": "dns_query",
    "user": "SYSTEM",
    "src_ip": "10.0.2.15",
    "query": "evil-c2.ru",
    "record_type": "A",
    "response_ip": "185.220.101.45",
    "severity": "critical",
    "ioc_domain": "evil-c2.ru",
    "ioc_ip": "185.220.101.45",
    "malware_family": "Cobalt Strike",
    "attack_technique": "T1071.004 - DNS C2",
    "message": "Regular DNS beacon to evil-c2.ru (Cobalt Strike C2)"
  },
  {
    "timestamp": "2024-03-01T04:54:00.000+0000",
    "source": "proxy",
    "host": "WORKSTATION02",
    "EventCode": 4624,
    "category": "normal",
    "action": "successful_login",
    "user": "emartinez",
    "src_ip": "10.0.2.63",
    "dest_ip": "10.0.4.109",
    "severity": "low",
    "message": "Normal activity: emartinez authenticated successfully"
  },
  {
    "timestamp": "2024-03-01T04:54:10.000+0000",
    "source": "dns",
    "host": "DNS01",
    "category": "c2_beaconing",
    "action": "dns_query",
    "user": "SYSTEM",
    "src_ip": "10.0.2.15",
    "query": "evil-c2.ru",
    "record_type": "A",
    "response_ip": "185.220.101.45",
    "severity": "critical",
    "ioc_domain": "evil-c2.ru",
    "ioc_ip": "185.220.101.45",
    "malware_family": "Cobalt Strike",
    "attack_technique": "T1071.004 - DNS C2",
    "message": "Regular DNS beacon to evil-c2.ru (Cobalt Strike C2)"
  },
  {
    "timestamp": "2024-03-01T04:56:10.000+0000",
    "source": "dns",
    "host": "DNS01",
    "category": "c2_beaconing",
    "action": "dns_query",
    "user": "SYSTEM",
    "src_ip": "10.0.2.15",
    "query": "evil-c2.ru",
    "record_type": "A",
    "response_ip": "185.220.101.45",
    "severity": "critical",
    "ioc_domain": "evil-c2.ru",
    "ioc_ip": "185.220.101.45",
    "malware_family": "Cobalt Strike",
    "attack_technique": "T1071.004 - DNS C2",
    "message": "Regular DNS beacon to evil-c2.ru (Cobalt Strike C2)"
  },
  {
    "timestamp": "2024-03-01T04:58:00.000+0000",
    "source": "dns",
    "host": "DNS01",
    "category": "c2_beaconing",
    "action": "dns_query",
    "user": "SYSTEM",
    "src_ip": "10.0.2.15",
    "query": "evil-c2.ru",
    "record_type": "A",
    "response_ip": "185.220.101.45",
    "severity": "critical",
    "ioc_domain": "evil-c2.ru",
    "ioc_ip": "185.220.101.45",
    "malware_family": "Cobalt Strike",
    "attack_technique": "T1071.004 - DNS C2",
    "message": "Regular DNS beacon to evil-c2.ru (Cobalt Strike C2)"
  },
  {
    "timestamp": "2024-03-01T05:00:00.000+0000",
    "source": "proxy",
    "host": "PROXY01",
    "category": "trojan_rat",
    "action": "http_request",
    "user": "SYSTEM",
    "src_ip": "10.0.3.45",
    "dest_ip": "91.108.4.7",
    "url": "http://trojan-loader.net/check?id=923&ver=2.1",
    "user_agent": "Mozilla/4.0 (compatible; MSIE 6.0; Windows NT 5.1)",
    "bytes_out": 438,
    "bytes_in": 173,
    "severity": "critical",
    "ioc_domain": "trojan-loader.net",
    "ioc_ip": "91.108.4.7",
    "malware_family": "AsyncRAT",
    "attack_technique": "T1219 - Remote Access Software",
    "message": "AsyncRAT C2 check-in detected via HTTP"
  },
  {
    "timestamp": "2024-03-01T05:00:03.000+0000",
    "source": "dns",
    "host": "DNS01",
    "category": "c2_beaconing",
    "action": "dns_query",
    "user": "SYSTEM",
    "src_ip": "10.0.2.15",
    "query": "evil-c2.ru",
    "record_type": "A",
    "response_ip": "185.220.101.45",
    "severity": "critical",
    "ioc_domain": "evil-c2.ru",
    "ioc_ip": "185.220.101.45",
    "malware_family": "Cobalt Strike",
    "attack_technique": "T1071.004 - DNS C2",
    "message": "Regular DNS beacon to evil-c2.ru (Cobalt Strike C2)"
  },
  {
    "timestamp": "2024-03-01T05:01:00.000+0000",
    "source": "web_server",
    "host": "WEB01",
    "category": "sql_injection",
    "action": "http_request",
    "method": "POST",
    "src_ip": "45.33.32.156",
    "url": "/admin/users.php",
    "status_code": 200,
    "user_agent": "sqlmap/1.7.2#stable (https://sqlmap.org)",
    "payload": "' UNION SELECT NULL,NULL,NULL--",
    "severity": "high",
    "ioc_ip": "89.248.167.131",
    "attack_technique": "T1190 - Exploit Public-Facing Application",
    "message": "SQL injection attempt detected from 185.56.80.65"
  },
  {
    "timestamp": "2024-03-01T05:02:09.000+0000",
    "source": "dns",
    "host": "DNS01",
    "category": "c2_beaconing",
    "action": "dns_query",
    "user": "SYSTEM",
    "src_ip": "10.0.2.15",
    "query": "evil-c2.ru",
    "record_type": "A",
    "response_ip": "185.220.101.45",
    "severity": "critical",
    "ioc_domain": "evil-c2.ru",
    "ioc_ip": "185.220.101.45",
    "malware_family": "Cobalt Strike",
    "attack_technique": "T1071.004 - DNS C2",
    "message": "Regular DNS beacon to evil-c2.ru (Cobalt Strike C2)"
  },
  {
    "timestamp": "2024-03-01T05:03:00.000+0000",
    "source": "web_server",
    "host": "WEB01",
    "category": "sql_injection",
    "action": "http_request",
    "method": "POST",
    "src_ip": "45.33.32.156",
    "url": "/search.php",
    "status_code": 403,
    "user_agent": "sqlmap/1.7.2#stable (https://sqlmap.org)",
    "payload": "' UNION SELECT NULL,NULL,NULL--",
    "severity": "high",
    "ioc_ip": "91.108.4.7",
    "attack_technique": "T1190 - Exploit Public-Facing Application",
    "message": "SQL injection attempt detected from 194.165.16.78"
  },
  {
    "timestamp": "2024-03-01T05:04:00.000+0000",
    "source": "web_server",
    "host": "WEB01",
    "category": "sql_injection",
    "action": "http_request",
    "method": "POST",
    "src_ip": "89.248.167.131",
    "url": "/product.php",
    "status_code": 403,
    "user_agent": "sqlmap/1.7.2#stable (https://sqlmap.org)",
    "payload": "'; DROP TABLE users;--",
    "severity": "high",
    "ioc_ip": "91.108.4.7",
    "attack_technique": "T1190 - Exploit Public-Facing Application",
    "message": "SQL injection attempt detected from 45.33.32.156"
  },
  {
    "timestamp": "2024-03-01T05:04:03.000+0000",
    "source": "dns",
    "host": "DNS01",
    "category": "c2_beaconing",
    "action": "dns_query",
    "user": "SYSTEM",
    "src_ip": "10.0.2.15",
    "query": "evil-c2.ru",
    "record_type": "A",
    "response_ip": "185.220.101.45",
    "severity": "critical",
    "ioc_domain": "evil-c2.ru",
    "ioc_ip": "185.220.101.45",
    "malware_family": "Cobalt Strike",
    "attack_technique": "T1071.004 - DNS C2",
    "message": "Regular DNS beacon to evil-c2.ru (Cobalt Strike C2)"
  },
  {
    "timestamp": "2024-03-01T05:06:00.000+0000",
    "source": "web_server",
    "host": "WEB01",
    "category": "sql_injection",
    "action": "http_request",
    "method": "POST",
    "src_ip": "89.248.167.131",
    "url": "/product.php",
    "status_code": 403,
    "user_agent": "sqlmap/1.7.2#stable (https://sqlmap.org)",
    "payload": "admin'--",
    "severity": "high",
    "ioc_ip": "91.108.4.7",
    "attack_technique": "T1190 - Exploit Public-Facing Application",
    "message": "SQL injection attempt detected from 185.220.101.45"
  },
  {
    "timestamp": "2024-03-01T05:06:07.000+0000",
    "source": "dns",
    "host": "DNS01",
    "category": "c2_beaconing",
    "action": "dns_query",
    "user": "SYSTEM",
    "src_ip": "10.0.2.15",
    "query": "evil-c2.ru",
    "record_type": "A",
    "response_ip": "185.220.101.45",
    "severity": "critical",
    "ioc_domain": "evil-c2.ru",
    "ioc_ip": "185.220.101.45",
    "malware_family": "Cobalt Strike",
    "attack_technique": "T1071.004 - DNS C2",
    "message": "Regular DNS beacon to evil-c2.ru (Cobalt Strike C2)"
  },
  {
    "timestamp": "2024-03-01T05:07:00.000+0000",
    "source": "proxy",
    "host": "PROXY01",
    "category": "trojan_rat",
    "action": "http_request",
    "user": "SYSTEM",
    "src_ip": "10.0.3.45",
    "dest_ip": "91.108.4.7",
    "url": "http://trojan-loader.net/check?id=793&ver=2.1",
    "user_agent": "Mozilla/4.0 (compatible; MSIE 6.0; Windows NT 5.1)",
    "bytes_out": 479,
    "bytes_in": 140,
    "severity": "critical",
    "ioc_domain": "trojan-loader.net",
    "ioc_ip": "91.108.4.7",
    "malware_family": "AsyncRAT",
    "attack_technique": "T1219 - Remote Access Software",
    "message": "AsyncRAT C2 check-in detected via HTTP"
  },
  {
    "timestamp": "2024-03-01T05:08:09.000+0000",
    "source": "dns",
    "host": "DNS01",
    "category": "c2_beaconing",
    "action": "dns_query",
    "user": "SYSTEM",
    "src_ip": "10.0.2.15",
    "query": "evil-c2.ru",
    "record_type": "A",
    "response_ip": "185.220.101.45",
    "severity": "critical",
    "ioc_domain": "evil-c2.ru",
    "ioc_ip": "185.220.101.45",
    "malware_family": "Cobalt Strike",
    "attack_technique": "T1071.004 - DNS C2",
    "message": "Regular DNS beacon to evil-c2.ru (Cobalt Strike C2)"
  },
  {
    "timestamp": "2024-03-01T05:09:00.000+0000",
    "source": "web_server",
    "host": "WEB01",
    "category": "sql_injection",
    "action": "http_request",
    "method": "POST",
    "src_ip": "89.248.167.131",
    "url": "/login.php",
    "status_code": 500,
    "user_agent": "sqlmap/1.7.2#stable (https://sqlmap.org)",
    "payload": "admin'--",
    "severity": "high",
    "ioc_ip": "91.108.4.7",
    "attack_technique": "T1190 - Exploit Public-Facing Application",
    "message": "SQL injection attempt detected from 10.10.10.45"
  },
  {
    "timestamp": "2024-03-01T05:09:00.000+0000",
    "source": "web_server",
    "host": "WEB01",
    "category": "sql_injection",
    "action": "http_request",
    "method": "POST",
    "src_ip": "89.248.167.131",
    "url": "/search.php",
    "status_code": 500,
    "user_agent": "sqlmap/1.7.2#stable (https://sqlmap.org)",
    "payload": "1' AND SLEEP(5)--",
    "severity": "high",
    "ioc_ip": "91.108.4.7",
    "attack_technique": "T1190 - Exploit Public-Facing Application",
    "message": "SQL injection attempt detected from 185.56.80.65"
  },
  {
    "timestamp": "2024-03-01T05:10:07.000+0000",
    "source": "dns",
    "host": "DNS01",
    "category": "c2_beaconing",
    "action": "dns_query",
    "user": "SYSTEM",
    "src_ip": "10.0.2.22",
    "query": "evil-c2.ru",
    "record_type": "A",
    "response_ip": "185.220.101.45",
    "severity": "critical",
    "ioc_domain": "evil-c2.ru",
    "ioc_ip": "185.220.101.45",
    "malware_family": "Cobalt Strike",
    "attack_technique": "T1071.004 - DNS C2",
    "message": "Regular DNS beacon to evil-c2.ru (Cobalt Strike C2)"
  },
  {
    "timestamp": "2024-03-01T05:11:00.000+0000",
    "source": "web_server",
    "host": "WEB01",
    "category": "sql_injection",
    "action": "http_request",
    "method": "POST",
    "src_ip": "91.108.4.7",
    "url": "/product.php",
    "status_code": 500,
    "user_agent": "sqlmap/1.7.2#stable (https://sqlmap.org)",
    "payload": "'; DROP TABLE users;--",
    "severity": "high",
    "ioc_ip": "91.108.4.7",
    "attack_technique": "T1190 - Exploit Public-Facing Application",
    "message": "SQL injection attempt detected from 45.33.32.156"
  },
  {
    "timestamp": "2024-03-01T05:12:05.000+0000",
    "source": "dns",
    "host": "DNS01",
    "category": "c2_beaconing",
    "action": "dns_query",
    "user": "SYSTEM",
    "src_ip": "10.0.2.15",
    "query": "evil-c2.ru",
    "record_type": "A",
    "response_ip": "185.220.101.45",
    "severity": "critical",
    "ioc_domain": "evil-c2.ru",
    "ioc_ip": "185.220.101.45",
    "malware_family": "Cobalt Strike",
    "attack_technique": "T1071.004 - DNS C2",
    "message": "Regular DNS beacon to evil-c2.ru (Cobalt Strike C2)"
  },
  {
    "timestamp": "2024-03-01T05:14:00.000+0000",
    "source": "web_server",
    "host": "WEB01",
    "category": "sql_injection",
    "action": "http_request",
    "method": "POST",
    "src_ip": "45.33.32.156",
    "url": "/search.php",
    "status_code": 403,
    "user_agent": "sqlmap/1.7.2#stable (https://sqlmap.org)",
    "payload": "' UNION SELECT NULL,NULL,NULL--",
    "severity": "high",
    "ioc_ip": "91.108.4.7",
    "attack_technique": "T1190 - Exploit Public-Facing Application",
    "message": "SQL injection attempt detected from 91.108.4.7"
  },
  {
    "timestamp": "2024-03-01T05:14:00.000+0000",
    "source": "web_server",
    "host": "WEB01",
    "category": "sql_injection",
    "action": "http_request",
    "method": "POST",
    "src_ip": "91.108.4.7",
    "url": "/login.php",
    "status_code": 403,
    "user_agent": "sqlmap/1.7.2#stable (https://sqlmap.org)",
    "payload": "1' AND SLEEP(5)--",
    "severity": "high",
    "ioc_ip": "91.108.4.7",
    "attack_technique": "T1190 - Exploit Public-Facing Application",
    "message": "SQL injection attempt detected from 172.16.5.200"
  },
  {
    "timestamp": "2024-03-01T05:14:00.000+0000",
    "source": "proxy",
    "host": "PROXY01",
    "category": "trojan_rat",
    "action": "http_request",
    "user": "SYSTEM",
    "src_ip": "10.0.3.45",
    "dest_ip": "91.108.4.7",
    "url": "http://trojan-loader.net/check?id=175&ver=2.1",
    "user_agent": "Mozilla/4.0 (compatible; MSIE 6.0; Windows NT 5.1)",
    "bytes_out": 426,
    "bytes_in": 188,
    "severity": "critical",
    "ioc_domain": "trojan-loader.net",
    "ioc_ip": "91.108.4.7",
    "malware_family": "AsyncRAT",
    "attack_technique": "T1219 - Remote Access Software",
    "message": "AsyncRAT C2 check-in detected via HTTP"
  },
  {
    "timestamp": "2024-03-01T05:14:09.000+0000",
    "source": "dns",
    "host": "DNS01",
    "category": "c2_beaconing",
    "action": "dns_query",
    "user": "SYSTEM",
    "src_ip": "10.0.2.15",
    "query": "evil-c2.ru",
    "record_type": "A",
    "response_ip": "185.220.101.45",
    "severity": "critical",
    "ioc_domain": "evil-c2.ru",
    "ioc_ip": "185.220.101.45",
    "malware_family": "Cobalt Strike",
    "attack_technique": "T1071.004 - DNS C2",
    "message": "Regular DNS beacon to evil-c2.ru (Cobalt Strike C2)"
  },
  {
    "timestamp": "2024-03-01T05:15:00.000+0000",
    "source": "web_server",
    "host": "WEB01",
    "category": "sql_injection",
    "action": "http_request",
    "method": "POST",
    "src_ip": "91.108.4.7",
    "url": "/product.php",
    "status_code": 403,
    "user_agent": "sqlmap/1.7.2#stable (https://sqlmap.org)",
    "payload": "admin'--",
    "severity": "high",
    "ioc_ip": "91.108.4.7",
    "attack_technique": "T1190 - Exploit Public-Facing Application",
    "message": "SQL injection attempt detected from 194.165.16.78"
  },
  {
    "timestamp": "2024-03-01T05:16:02.000+0000",
    "source": "dns",
    "host": "DNS01",
    "category": "c2_beaconing",
    "action": "dns_query",
    "user": "SYSTEM",
    "src_ip": "10.0.2.22",
    "query": "evil-c2.ru",
    "record_type": "A",
    "response_ip": "185.220.101.45",
    "severity": "critical",
    "ioc_domain": "evil-c2.ru",
    "ioc_ip": "185.220.101.45",
    "malware_family": "Cobalt Strike",
    "attack_technique": "T1071.004 - DNS C2",
    "message": "Regular DNS beacon to evil-c2.ru (Cobalt Strike C2)"
  },
  {
    "timestamp": "2024-03-01T05:18:01.000+0000",
    "source": "dns",
    "host": "DNS01",
    "category": "c2_beaconing",
    "action": "dns_query",
    "user": "SYSTEM",
    "src_ip": "10.0.2.15",
    "query": "evil-c2.ru",
    "record_type": "A",
    "response_ip": "185.220.101.45",
    "severity": "critical",
    "ioc_domain": "evil-c2.ru",
    "ioc_ip": "185.220.101.45",
    "malware_family": "Cobalt Strike",
    "attack_technique": "T1071.004 - DNS C2",
    "message": "Regular DNS beacon to evil-c2.ru (Cobalt Strike C2)"
  },
  {
    "timestamp": "2024-03-01T05:20:00.000+0000",
    "source": "web_server",
    "host": "WEB01",
    "category": "sql_injection",
    "action": "http_request",
    "method": "POST",
    "src_ip": "91.108.4.7",
    "url": "/admin/users.php",
    "status_code": 403,
    "user_agent": "sqlmap/1.7.2#stable (https://sqlmap.org)",
    "payload": "admin'--",
    "severity": "high",
    "ioc_ip": "91.108.4.7",
    "attack_technique": "T1190 - Exploit Public-Facing Application",
    "message": "SQL injection attempt detected from 172.16.5.200"
  },
  {
    "timestamp": "2024-03-01T05:20:04.000+0000",
    "source": "dns",
    "host": "DNS01",
    "category": "c2_beaconing",
    "action": "dns_query",
    "user": "SYSTEM",
    "src_ip": "10.0.2.22",
    "query": "evil-c2.ru",
    "record_type": "A",
    "response_ip": "185.220.101.45",
    "severity": "critical",
    "ioc_domain": "evil-c2.ru",
    "ioc_ip": "185.220.101.45",
    "malware_family": "Cobalt Strike",
    "attack_technique": "T1071.004 - DNS C2",
    "message": "Regular DNS beacon to evil-c2.ru (Cobalt Strike C2)"
  },
  {
    "timestamp": "2024-03-01T05:21:00.000+0000",
    "source": "proxy",
    "host": "PROXY01",
    "category": "trojan_rat",
    "action": "http_request",
    "user": "SYSTEM",
    "src_ip": "10.0.3.45",
    "dest_ip": "91.108.4.7",
    "url": "http://trojan-loader.net/check?id=701&ver=2.1",
    "user_agent": "Mozilla/4.0 (compatible; MSIE 6.0; Windows NT 5.1)",
    "bytes_out": 353,
    "bytes_in": 263,
    "severity": "critical",
    "ioc_domain": "trojan-loader.net",
    "ioc_ip": "91.108.4.7",
    "malware_family": "AsyncRAT",
    "attack_technique": "T1219 - Remote Access Software",
    "message": "AsyncRAT C2 check-in detected via HTTP"
  },
  {
    "timestamp": "2024-03-01T05:22:06.000+0000",
    "source": "dns",
    "host": "DNS01",
    "category": "c2_beaconing",
    "action": "dns_query",
    "user": "SYSTEM",
    "src_ip": "10.0.2.15",
    "query": "evil-c2.ru",
    "record_type": "A",
    "response_ip": "185.220.101.45",
    "severity": "critical",
    "ioc_domain": "evil-c2.ru",
    "ioc_ip": "185.220.101.45",
    "malware_family": "Cobalt Strike",
    "attack_technique": "T1071.004 - DNS C2",
    "message": "Regular DNS beacon to evil-c2.ru (Cobalt Strike C2)"
  },
  {
    "timestamp": "2024-03-01T05:24:01.000+0000",
    "source": "dns",
    "host": "DNS01",
    "category": "c2_beaconing",
    "action": "dns_query",
    "user": "SYSTEM",
    "src_ip": "10.0.2.15",
    "query": "evil-c2.ru",
    "record_type": "A",
    "response_ip": "185.220.101.45",
    "severity": "critical",
    "ioc_domain": "evil-c2.ru",
    "ioc_ip": "185.220.101.45",
    "malware_family": "Cobalt Strike",
    "attack_technique": "T1071.004 - DNS C2",
    "message": "Regular DNS beacon to evil-c2.ru (Cobalt Strike C2)"
  },
  {
    "timestamp": "2024-03-01T05:26:00.000+0000",
    "source": "web_server",
    "host": "WEB01",
    "category": "sql_injection",
    "action": "http_request",
    "method": "POST",
    "src_ip": "91.108.4.7",
    "url": "/search.php",
    "status_code": 500,
    "user_agent": "sqlmap/1.7.2#stable (https://sqlmap.org)",
    "payload": "admin'--",
    "severity": "high",
    "ioc_ip": "91.108.4.7",
    "attack_technique": "T1190 - Exploit Public-Facing Application",
    "message": "SQL injection attempt detected from 45.33.32.156"
  },
  {
    "timestamp": "2024-03-01T05:26:01.000+0000",
    "source": "dns",
    "host": "DNS01",
    "category": "c2_beaconing",
    "action": "dns_query",
    "user": "SYSTEM",
    "src_ip": "10.0.2.22",
    "query": "evil-c2.ru",
    "record_type": "A",
    "response_ip": "185.220.101.45",
    "severity": "critical",
    "ioc_domain": "evil-c2.ru",
    "ioc_ip": "185.220.101.45",
    "malware_family": "Cobalt Strike",
    "attack_technique": "T1071.004 - DNS C2",
    "message": "Regular DNS beacon to evil-c2.ru (Cobalt Strike C2)"
  },
  {
    "timestamp": "2024-03-01T05:28:00.000+0000",
    "source": "proxy",
    "host": "PROXY01",
    "category": "trojan_rat",
    "action": "http_request",
    "user": "SYSTEM",
    "src_ip": "10.0.3.45",
    "dest_ip": "91.108.4.7",
    "url": "http://trojan-loader.net/check?id=534&ver=2.1",
    "user_agent": "Mozilla/4.0 (compatible; MSIE 6.0; Windows NT 5.1)",
    "bytes_out": 328,
    "bytes_in": 216,
    "severity": "critical",
    "ioc_domain": "trojan-loader.net",
    "ioc_ip": "91.108.4.7",
    "malware_family": "AsyncRAT",
    "attack_technique": "T1219 - Remote Access Software",
    "message": "AsyncRAT C2 check-in detected via HTTP"
  },
  {
    "timestamp": "2024-03-01T05:28:10.000+0000",
    "source": "dns",
    "host": "DNS01",
    "category": "c2_beaconing",
    "action": "dns_query",
    "user": "SYSTEM",
    "src_ip": "10.0.2.15",
    "query": "evil-c2.ru",
    "record_type": "A",
    "response_ip": "185.220.101.45",
    "severity": "critical",
    "ioc_domain": "evil-c2.ru",
    "ioc_ip": "185.220.101.45",
    "malware_family": "Cobalt Strike",
    "attack_technique": "T1071.004 - DNS C2",
    "message": "Regular DNS beacon to evil-c2.ru (Cobalt Strike C2)"
  },
  {
    "timestamp": "2024-03-01T05:30:09.000+0000",
    "source": "dns",
    "host": "DNS01",
    "category": "c2_beaconing",
    "action": "dns_query",
    "user": "SYSTEM",
    "src_ip": "10.0.2.15",
    "query": "evil-c2.ru",
    "record_type": "A",
    "response_ip": "185.220.101.45",
    "severity": "critical",
    "ioc_domain": "evil-c2.ru",
    "ioc_ip": "185.220.101.45",
    "malware_family": "Cobalt Strike",
    "attack_technique": "T1071.004 - DNS C2",
    "message": "Regular DNS beacon to evil-c2.ru (Cobalt Strike C2)"
  },
  {
    "timestamp": "2024-03-01T05:32:05.000+0000",
    "source": "dns",
    "host": "DNS01",
    "category": "c2_beaconing",
    "action": "dns_query",
    "user": "SYSTEM",
    "src_ip": "10.0.2.22",
    "query": "evil-c2.ru",
    "record_type": "A",
    "response_ip": "185.220.101.45",
    "severity": "critical",
    "ioc_domain": "evil-c2.ru",
    "ioc_ip": "185.220.101.45",
    "malware_family": "Cobalt Strike",
    "attack_technique": "T1071.004 - DNS C2",
    "message": "Regular DNS beacon to evil-c2.ru (Cobalt Strike C2)"
  },
  {
    "timestamp": "2024-03-01T05:33:00.000+0000",
    "source": "web_server",
    "host": "WEB01",
    "category": "sql_injection",
    "action": "http_request",
    "method": "POST",
    "src_ip": "45.33.32.156",
    "url": "/login.php",
    "status_code": 200,
    "user_agent": "sqlmap/1.7.2#stable (https://sqlmap.org)",
    "payload": "' UNION SELECT NULL,NULL,NULL--",
    "severity": "high",
    "ioc_ip": "89.248.167.131",
    "attack_technique": "T1190 - Exploit Public-Facing Application",
    "message": "SQL injection attempt detected from 194.165.16.78"
  },
  {
    "timestamp": "2024-03-01T05:34:10.000+0000",
    "source": "dns",
    "host": "DNS01",
    "category": "c2_beaconing",
    "action": "dns_query",
    "user": "SYSTEM",
    "src_ip": "10.0.2.22",
    "query": "evil-c2.ru",
    "record_type": "A",
    "response_ip": "185.220.101.45",
    "severity": "critical",
    "ioc_domain": "evil-c2.ru",
    "ioc_ip": "185.220.101.45",
    "malware_family": "Cobalt Strike",
    "attack_technique": "T1071.004 - DNS C2",
    "message": "Regular DNS beacon to evil-c2.ru (Cobalt Strike C2)"
  },
  {
    "timestamp": "2024-03-01T05:35:00.000+0000",
    "source": "proxy",
    "host": "PROXY01",
    "category": "trojan_rat",
    "action": "http_request",
    "user": "SYSTEM",
    "src_ip": "10.0.3.45",
    "dest_ip": "91.108.4.7",
    "url": "http://trojan-loader.net/check?id=965&ver=2.1",
    "user_agent": "Mozilla/4.0 (compatible; MSIE 6.0; Windows NT 5.1)",
    "bytes_out": 354,
    "bytes_in": 150,
    "severity": "critical",
    "ioc_domain": "trojan-loader.net",
    "ioc_ip": "91.108.4.7",
    "malware_family": "AsyncRAT",
    "attack_technique": "T1219 - Remote Access Software",
    "message": "AsyncRAT C2 check-in detected via HTTP"
  },
  {
    "timestamp": "2024-03-01T05:36:01.000+0000",
    "source": "dns",
    "host": "DNS01",
    "category": "c2_beaconing",
    "action": "dns_query",
    "user": "SYSTEM",
    "src_ip": "10.0.2.22",
    "query": "evil-c2.ru",
    "record_type": "A",
    "response_ip": "185.220.101.45",
    "severity": "critical",
    "ioc_domain": "evil-c2.ru",
    "ioc_ip": "185.220.101.45",
    "malware_family": "Cobalt Strike",
    "attack_technique": "T1071.004 - DNS C2",
    "message": "Regular DNS beacon to evil-c2.ru (Cobalt Strike C2)"
  },
  {
    "timestamp": "2024-03-01T05:38:00.000+0000",
    "source": "dns",
    "host": "DNS01",
    "category": "c2_beaconing",
    "action": "dns_query",
    "user": "SYSTEM",
    "src_ip": "10.0.2.22",
    "query": "evil-c2.ru",
    "record_type": "A",
    "response_ip": "185.220.101.45",
    "severity": "critical",
    "ioc_domain": "evil-c2.ru",
    "ioc_ip": "185.220.101.45",
    "malware_family": "Cobalt Strike",
    "attack_technique": "T1071.004 - DNS C2",
    "message": "Regular DNS beacon to evil-c2.ru (Cobalt Strike C2)"
  },
  {
    "timestamp": "2024-03-01T05:40:07.000+0000",
    "source": "dns",
    "host": "DNS01",
    "category": "c2_beaconing",
    "action": "dns_query",
    "user": "SYSTEM",
    "src_ip": "10.0.2.15",
    "query": "evil-c2.ru",
    "record_type": "A",
    "response_ip": "185.220.101.45",
    "severity": "critical",
    "ioc_domain": "evil-c2.ru",
    "ioc_ip": "185.220.101.45",
    "malware_family": "Cobalt Strike",
    "attack_technique": "T1071.004 - DNS C2",
    "message": "Regular DNS beacon to evil-c2.ru (Cobalt Strike C2)"
  },
  {
    "timestamp": "2024-03-01T05:41:00.000+0000",
    "source": "web_server",
    "host": "WEB01",
    "category": "sql_injection",
    "action": "http_request",
    "method": "POST",
    "src_ip": "45.33.32.156",
    "url": "/product.php",
    "status_code": 200,
    "user_agent": "sqlmap/1.7.2#stable (https://sqlmap.org)",
    "payload": "' OR 1=1--",
    "severity": "high",
    "ioc_ip": "89.248.167.131",
    "attack_technique": "T1190 - Exploit Public-Facing Application",
    "message": "SQL injection attempt detected from 89.248.167.131"
  },
  {
    "timestamp": "2024-03-01T05:42:00.000+0000",
    "source": "proxy",
    "host": "PROXY01",
    "category": "trojan_rat",
    "action": "http_request",
    "user": "SYSTEM",
    "src_ip": "10.0.3.45",
    "dest_ip": "91.108.4.7",
    "url": "http://trojan-loader.net/check?id=493&ver=2.1",
    "user_agent": "Mozilla/4.0 (compatible; MSIE 6.0; Windows NT 5.1)",
    "bytes_out": 447,
    "bytes_in": 127,
    "severity": "critical",
    "ioc_domain": "trojan-loader.net",
    "ioc_ip": "91.108.4.7",
    "malware_family": "AsyncRAT",
    "attack_technique": "T1219 - Remote Access Software",
    "message": "AsyncRAT C2 check-in detected via HTTP"
  },
  {
    "timestamp": "2024-03-01T05:42:06.000+0000",
    "source": "dns",
    "host": "DNS01",
    "category": "c2_beaconing",
    "action": "dns_query",
    "user": "SYSTEM",
    "src_ip": "10.0.2.22",
    "query": "evil-c2.ru",
    "record_type": "A",
    "response_ip": "185.220.101.45",
    "severity": "critical",
    "ioc_domain": "evil-c2.ru",
    "ioc_ip": "185.220.101.45",
    "malware_family": "Cobalt Strike",
    "attack_technique": "T1071.004 - DNS C2",
    "message": "Regular DNS beacon to evil-c2.ru (Cobalt Strike C2)"
  },
  {
    "timestamp": "2024-03-01T05:44:10.000+0000",
    "source": "dns",
    "host": "DNS01",
    "category": "c2_beaconing",
    "action": "dns_query",
    "user": "SYSTEM",
    "src_ip": "10.0.2.22",
    "query": "evil-c2.ru",
    "record_type": "A",
    "response_ip": "185.220.101.45",
    "severity": "critical",
    "ioc_domain": "evil-c2.ru",
    "ioc_ip": "185.220.101.45",
    "malware_family": "Cobalt Strike",
    "attack_technique": "T1071.004 - DNS C2",
    "message": "Regular DNS beacon to evil-c2.ru (Cobalt Strike C2)"
  },
  {
    "timestamp": "2024-03-01T05:46:02.000+0000",
    "source": "dns",
    "host": "DNS01",
    "category": "c2_beaconing",
    "action": "dns_query",
    "user": "SYSTEM",
    "src_ip": "10.0.2.22",
    "query": "evil-c2.ru",
    "record_type": "A",
    "response_ip": "185.220.101.45",
    "severity": "critical",
    "ioc_domain": "evil-c2.ru",
    "ioc_ip": "185.220.101.45",
    "malware_family": "Cobalt Strike",
    "attack_technique": "T1071.004 - DNS C2",
    "message": "Regular DNS beacon to evil-c2.ru (Cobalt Strike C2)"
  },
  {
    "timestamp": "2024-03-01T05:48:02.000+0000",
    "source": "dns",
    "host": "DNS01",
    "category": "c2_beaconing",
    "action": "dns_query",
    "user": "SYSTEM",
    "src_ip": "10.0.2.22",
    "query": "evil-c2.ru",
    "record_type": "A",
    "response_ip": "185.220.101.45",
    "severity": "critical",
    "ioc_domain": "evil-c2.ru",
    "ioc_ip": "185.220.101.45",
    "malware_family": "Cobalt Strike",
    "attack_technique": "T1071.004 - DNS C2",
    "message": "Regular DNS beacon to evil-c2.ru (Cobalt Strike C2)"
  },
  {
    "timestamp": "2024-03-01T05:49:00.000+0000",
    "source": "proxy",
    "host": "PROXY01",
    "category": "trojan_rat",
    "action": "http_request",
    "user": "SYSTEM",
    "src_ip": "10.0.3.45",
    "dest_ip": "91.108.4.7",
    "url": "http://trojan-loader.net/check?id=342&ver=2.1",
    "user_agent": "Mozilla/4.0 (compatible; MSIE 6.0; Windows NT 5.1)",
    "bytes_out": 395,
    "bytes_in": 246,
    "severity": "critical",
    "ioc_domain": "trojan-loader.net",
    "ioc_ip": "91.108.4.7",
    "malware_family": "AsyncRAT",
    "attack_technique": "T1219 - Remote Access Software",
    "message": "AsyncRAT C2 check-in detected via HTTP"
  },
  {
    "timestamp": "2024-03-01T05:49:00.000+0000",
    "source": "WinEventLog:System",
    "host": "WORKSTATION03",
    "EventCode": 4648,
    "category": "normal",
    "action": "logoff",
    "user": "swhite",
    "src_ip": "10.0.0.195",
    "dest_ip": "10.0.1.179",
    "severity": "low",
    "message": "Normal activity: swhite authenticated successfully"
  },
  {
    "timestamp": "2024-03-01T05:50:09.000+0000",
    "source": "dns",
    "host": "DNS01",
    "category": "c2_beaconing",
    "action": "dns_query",
    "user": "SYSTEM",
    "src_ip": "10.0.2.22",
    "query": "evil-c2.ru",
    "record_type": "A",
    "response_ip": "185.220.101.45",
    "severity": "critical",
    "ioc_domain": "evil-c2.ru",
    "ioc_ip": "185.220.101.45",
    "malware_family": "Cobalt Strike",
    "attack_technique": "T1071.004 - DNS C2",
    "message": "Regular DNS beacon to evil-c2.ru (Cobalt Strike C2)"
  },
  {
    "timestamp": "2024-03-01T05:52:07.000+0000",
    "source": "dns",
    "host": "DNS01",
    "category": "c2_beaconing",
    "action": "dns_query",
    "user": "SYSTEM",
    "src_ip": "10.0.2.22",
    "query": "evil-c2.ru",
    "record_type": "A",
    "response_ip": "185.220.101.45",
    "severity": "critical",
    "ioc_domain": "evil-c2.ru",
    "ioc_ip": "185.220.101.45",
    "malware_family": "Cobalt Strike",
    "attack_technique": "T1071.004 - DNS C2",
    "message": "Regular DNS beacon to evil-c2.ru (Cobalt Strike C2)"
  },
  {
    "timestamp": "2024-03-01T05:54:09.000+0000",
    "source": "dns",
    "host": "DNS01",
    "category": "c2_beaconing",
    "action": "dns_query",
    "user": "SYSTEM",
    "src_ip": "10.0.2.22",
    "query": "evil-c2.ru",
    "record_type": "A",
    "response_ip": "185.220.101.45",
    "severity": "critical",
    "ioc_domain": "evil-c2.ru",
    "ioc_ip": "185.220.101.45",
    "malware_family": "Cobalt Strike",
    "attack_technique": "T1071.004 - DNS C2",
    "message": "Regular DNS beacon to evil-c2.ru (Cobalt Strike C2)"
  },
  {
    "timestamp": "2024-03-01T05:56:00.000+0000",
    "source": "proxy",
    "host": "PROXY01",
    "category": "trojan_rat",
    "action": "http_request",
    "user": "SYSTEM",
    "src_ip": "10.0.3.45",
    "dest_ip": "91.108.4.7",
    "url": "http://trojan-loader.net/check?id=467&ver=2.1",
    "user_agent": "Mozilla/4.0 (compatible; MSIE 6.0; Windows NT 5.1)",
    "bytes_out": 494,
    "bytes_in": 175,
    "severity": "critical",
    "ioc_domain": "trojan-loader.net",
    "ioc_ip": "91.108.4.7",
    "malware_family": "AsyncRAT",
    "attack_technique": "T1219 - Remote Access Software",
    "message": "AsyncRAT C2 check-in detected via HTTP"
  },
  {
    "timestamp": "2024-03-01T05:56:05.000+0000",
    "source": "dns",
    "host": "DNS01",
    "category": "c2_beaconing",
    "action": "dns_query",
    "user": "SYSTEM",
    "src_ip": "10.0.2.15",
    "query": "evil-c2.ru",
    "record_type": "A",
    "response_ip": "185.220.101.45",
    "severity": "critical",
    "ioc_domain": "evil-c2.ru",
    "ioc_ip": "185.220.101.45",
    "malware_family": "Cobalt Strike",
    "attack_technique": "T1071.004 - DNS C2",
    "message": "Regular DNS beacon to evil-c2.ru (Cobalt Strike C2)"
  },
  {
    "timestamp": "2024-03-01T05:58:01.000+0000",
    "source": "dns",
    "host": "DNS01",
    "category": "c2_beaconing",
    "action": "dns_query",
    "user": "SYSTEM",
    "src_ip": "10.0.2.22",
    "query": "evil-c2.ru",
    "record_type": "A",
    "response_ip": "185.220.101.45",
    "severity": "critical",
    "ioc_domain": "evil-c2.ru",
    "ioc_ip": "185.220.101.45",
    "malware_family": "Cobalt Strike",
    "attack_technique": "T1071.004 - DNS C2",
    "message": "Regular DNS beacon to evil-c2.ru (Cobalt Strike C2)"
  },
  {
    "timestamp": "2024-03-01T06:00:29.000+0000",
    "source": "edr",
    "host": "FILE-SERVER",
    "EventCode": 4663,
    "category": "ransomware",
    "action": "file_modified",
    "user": "SYSTEM",
    "process": "explorer.exe",
    "file_path": "C:\\Users\\Public\\document_2638.locky",
    "file_hash": "5f4dcc3b5aa765d61d8327deb882cf99",
    "severity": "critical",
    "ioc_hash": "a3b1c4d5e6f7a8b9c0d1e2f3a4b5c6d7",
    "malware_family": "LockBit 3.0",
    "attack_technique": "T1486 - Data Encrypted for Impact",
    "message": "Mass file encryption detected: document_2638.locky on FILE-SERVER"
  },
  {
    "timestamp": "2024-03-01T06:00:33.000+0000",
    "source": "edr",
    "host": "FILE-SERVER",
    "EventCode": 4663,
    "category": "ransomware",
    "action": "file_modified",
    "user": "SYSTEM",
    "process": "svchost.exe",
    "file_path": "C:\\Users\\Public\\document_6967.encrypted",
    "file_hash": "44d88612fea8a8f36de82e1278abb02f",
    "severity": "critical",
    "ioc_hash": "deadbeefcafebabedeadbeefcafebabe",
    "malware_family": "LockBit 3.0",
    "attack_technique": "T1486 - Data Encrypted for Impact",
    "message": "Mass file encryption detected: document_6967.encrypted on FILE-SERVER"
  },
  {
    "timestamp": "2024-03-01T06:01:32.000+0000",
    "source": "edr",
    "host": "WORKSTATION05",
    "EventCode": 4663,
    "category": "ransomware",
    "action": "file_modified",
    "user": "SYSTEM",
    "process": "cryptolocker.exe",
    "file_path": "C:\\Users\\Public\\document_2122.encrypted",
    "file_hash": "44d88612fea8a8f36de82e1278abb02f",
    "severity": "critical",
    "ioc_hash": "a3b1c4d5e6f7a8b9c0d1e2f3a4b5c6d7",
    "malware_family": "LockBit 3.0",
    "attack_technique": "T1486 - Data Encrypted for Impact",
    "message": "Mass file encryption detected: document_2122.encrypted on WORKSTATION05"
  },
  {
    "timestamp": "2024-03-01T06:01:35.000+0000",
    "source": "edr",
    "host": "WORKSTATION05",
    "EventCode": 4663,
    "category": "ransomware",
    "action": "file_modified",
    "user": "SYSTEM",
    "process": "explorer.exe",
    "file_path": "C:\\Users\\Public\\document_8478.locked",
    "file_hash": "f0e1d2c3b4a5968778695a4b3c2d1e0f",
    "severity": "critical",
    "ioc_hash": "5f4dcc3b5aa765d61d8327deb882cf99",
    "malware_family": "LockBit 3.0",
    "attack_technique": "T1486 - Data Encrypted for Impact",
    "message": "Mass file encryption detected: document_8478.locked on WORKSTATION05"
  },
  {
    "timestamp": "2024-03-01T06:02:56.000+0000",
    "source": "edr",
    "host": "FILE-SERVER",
    "EventCode": 4663,
    "category": "ransomware",
    "action": "file_modified",
    "user": "SYSTEM",
    "process": "explorer.exe",
    "file_path": "C:\\Users\\Public\\document_9938.encrypted",
    "file_hash": "deadbeefcafebabedeadbeefcafebabe",
    "severity": "critical",
    "ioc_hash": "5f4dcc3b5aa765d61d8327deb882cf99",
    "malware_family": "LockBit 3.0",
    "attack_technique": "T1486 - Data Encrypted for Impact",
    "message": "Mass file encryption detected: document_9938.encrypted on FILE-SERVER"
  },
